[0.165s] Invoking command in '/home/phr/vscode_project/ros2_launch_testing_ws/src/my_testing': PYTEST_ADDOPTS=--tb=short --junit-xml=/home/phr/vscode_project/ros2_launch_testing_ws/build/my_testing/pytest.xml --junit-prefix=my_testing -o cache_dir=/home/phr/vscode_project/ros2_launch_testing_ws/build/my_testing/.pytest_cache -s PYTHONDONTWRITEBYTECODE=1 /usr/bin/python3 -m pytest
[0.322s] [1m============================= test session starts ==============================[0m
[0.322s] platform linux -- Python 3.10.12, pytest-6.2.5, py-1.10.0, pluggy-0.13.0
[0.324s] cachedir: /home/phr/vscode_project/ros2_launch_testing_ws/build/my_testing/.pytest_cache
[0.324s] rootdir: /home/phr/vscode_project/ros2_launch_testing_ws/src/my_testing
[0.324s] plugins: launch-testing-1.0.10, ament-lint-0.12.14, ament-copyright-0.12.14, ament-xmllint-0.12.14, launch-testing-ros-0.19.10, ament-pep257-0.12.14, ament-flake8-0.12.14, colcon-core-0.19.0, cov-3.0.0
[0.386s] [1mcollecting ... [0m[1m
[0.386s] collected 1 item                                                               [0m
[0.387s] 
[0.394s] test/test_processor_service.py [INFO] [launch]: All log files can be found below /home/phr/.ros/log/2025-08-07-13-55-50-562670-PHR-23481
[0.394s] [INFO] [launch]: Default logging verbosity is set to INFO
[0.403s] [INFO] [number_processor-1]: process started with pid [23495]
[0.499s] [number_processor-1] [INFO] [1754546150.674507040] [number_processor_service_node]: æ•°å­—å¤„ç†æœåŠ¡èŠ‚ç‚¹å·²å¯åŠ¨ï¼Œç­‰å¾…è¯·æ±‚...
[0.677s] test_service (test_processor_service.TestProcessorService) ... [0m[INFO] [1754546150.852600835] [service_client_test_node]: æ­£åœ¨å‘é€è¯·æ±‚: 10...[0m
[0.678s] [number_processor-1] [INFO] [1754546150.853336995] [number_processor_service_node]: æ”¶åˆ°æœåŠ¡è¯·æ±‚ï¼Œè¾“å…¥æ•°å­—: 10
[0.678s] [number_processor-1] [INFO] [1754546150.853629085] [number_processor_service_node]: æ­£åœ¨è¿”å›å¤„ç†ç»“æœ: 30
[0.678s] [0m[INFO] [1754546150.854066031] [service_client_test_node]: æµ‹è¯•ç”¨ä¾‹é€šè¿‡: è¾“å…¥=10, å“åº”=30[0m
[0.679s] [0m[INFO] [1754546150.854253633] [service_client_test_node]: æ­£åœ¨å‘é€è¯·æ±‚: -5...[0m
[0.679s] [number_processor-1] [INFO] [1754546150.854568283] [number_processor_service_node]: æ”¶åˆ°æœåŠ¡è¯·æ±‚ï¼Œè¾“å…¥æ•°å­—: -5
[0.679s] [number_processor-1] [INFO] [1754546150.854747573] [number_processor_service_node]: æ­£åœ¨è¿”å›å¤„ç†ç»“æœ: -15
[0.679s] [0m[INFO] [1754546150.855120403] [service_client_test_node]: æµ‹è¯•ç”¨ä¾‹é€šè¿‡: è¾“å…¥=-5, å“åº”=-15[0m
[0.680s] [0m[INFO] [1754546150.855292569] [service_client_test_node]: æ­£åœ¨å‘é€è¯·æ±‚: 0...[0m
[0.680s] [number_processor-1] [INFO] [1754546150.855565661] [number_processor_service_node]: æ”¶åˆ°æœåŠ¡è¯·æ±‚ï¼Œè¾“å…¥æ•°å­—: 0
[0.680s] [number_processor-1] [INFO] [1754546150.855741390] [number_processor_service_node]: æ­£åœ¨è¿”å›å¤„ç†ç»“æœ: 0
[0.680s] [0m[INFO] [1754546150.856117781] [service_client_test_node]: æµ‹è¯•ç”¨ä¾‹é€šè¿‡: è¾“å…¥=0, å“åº”=0[0m
[0.681s] [0m[INFO] [1754546150.856297072] [service_client_test_node]: æ­£åœ¨å‘é€è¯·æ±‚: 1...[0m
[0.681s] [number_processor-1] [INFO] [1754546150.856601035] [number_processor_service_node]: æ”¶åˆ°æœåŠ¡è¯·æ±‚ï¼Œè¾“å…¥æ•°å­—: 1
[0.681s] [number_processor-1] [INFO] [1754546150.856781513] [number_processor_service_node]: æ­£åœ¨è¿”å›å¤„ç†ç»“æœ: 3
[0.681s] [0m[INFO] [1754546150.857150780] [service_client_test_node]: æµ‹è¯•ç”¨ä¾‹é€šè¿‡: è¾“å…¥=1, å“åº”=3[0m
[0.682s] [0m[INFO] [1754546150.857333633] [service_client_test_node]: æ­£åœ¨å‘é€è¯·æ±‚: 100...[0m
[0.682s] [number_processor-1] [INFO] [1754546150.857612662] [number_processor_service_node]: æ”¶åˆ°æœåŠ¡è¯·æ±‚ï¼Œè¾“å…¥æ•°å­—: 100
[0.682s] [number_processor-1] [INFO] [1754546150.857790765] [number_processor_service_node]: æ­£åœ¨è¿”å›å¤„ç†ç»“æœ: 300
[0.683s] [0m[INFO] [1754546150.858236023] [service_client_test_node]: æµ‹è¯•ç”¨ä¾‹é€šè¿‡: è¾“å…¥=100, å“åº”=300[0m
[0.684s] ok
[0.684s] 
[0.685s] ----------------------------------------------------------------------
[0.685s] Ran 1 test in 0.290s
[0.685s] 
[0.685s] OK
[0.685s] [INFO] [number_processor-1]: sending signal 'SIGINT' to process[number_processor-1]
[0.685s] [number_processor-1] Traceback (most recent call last):
[0.685s] [number_processor-1]   File "/home/phr/vscode_project/ros2_launch_testing_ws/install/my_algorithms/lib/my_algorithms/number_processor", line 33, in <module>
[0.685s] [number_processor-1]     sys.exit(load_entry_point('my-algorithms==0.0.0', 'console_scripts', 'number_processor')())
[0.685s] [number_processor-1]   File "/home/phr/vscode_project/ros2_launch_testing_ws/install/my_algorithms/lib/python3.10/site-packages/my_algorithms/number_processor_node.py", line 41, in main
[0.685s] [number_processor-1]     rclpy.spin(node) 
[0.686s] [number_processor-1]   File "/opt/ros/humble/local/lib/python3.10/dist-packages/rclpy/__init__.py", line 229, in spin
[0.686s] [number_processor-1]     executor.spin_once()
[0.686s] [number_processor-1]   File "/opt/ros/humble/local/lib/python3.10/dist-packages/rclpy/executors.py", line 751, in spin_once
[0.686s] [number_processor-1]     self._spin_once_impl(timeout_sec)
[0.686s] [number_processor-1]   File "/opt/ros/humble/local/lib/python3.10/dist-packages/rclpy/executors.py", line 740, in _spin_once_impl
[0.686s] [number_processor-1]     handler, entity, node = self.wait_for_ready_callbacks(timeout_sec=timeout_sec)
[0.686s] [number_processor-1]   File "/opt/ros/humble/local/lib/python3.10/dist-packages/rclpy/executors.py", line 723, in wait_for_ready_callbacks
[0.686s] [number_processor-1]     return next(self._cb_iter)
[0.686s] [number_processor-1]   File "/opt/ros/humble/local/lib/python3.10/dist-packages/rclpy/executors.py", line 620, in _wait_for_ready_callbacks
[0.686s] [number_processor-1]     wait_set.wait(timeout_nsec)
[0.686s] [number_processor-1] KeyboardInterrupt
[0.698s] [ERROR] [number_processor-1]: process has died [pid 23495, exit code -2, cmd '/home/phr/vscode_project/ros2_launch_testing_ws/install/my_algorithms/lib/my_algorithms/number_processor --ros-args -r __node:=number_processor_service_node'].
[0.698s] 
[0.698s] ----------------------------------------------------------------------
[0.698s] Ran 0 tests in 0.000s
[0.698s] 
[0.698s] OK
[0.702s] [32m.[0m
[0.702s] 
[0.702s] - generated xml file: /home/phr/vscode_project/ros2_launch_testing_ws/build/my_testing/pytest.xml -
[0.702s] [32m============================== [32m[1m1 passed[0m[32m in 0.38s[0m[32m ===============================[0m
[0.836s] Invoked command in '/home/phr/vscode_project/ros2_launch_testing_ws/src/my_testing' returned '0': PYTEST_ADDOPTS=--tb=short --junit-xml=/home/phr/vscode_project/ros2_launch_testing_ws/build/my_testing/pytest.xml --junit-prefix=my_testing -o cache_dir=/home/phr/vscode_project/ros2_launch_testing_ws/build/my_testing/.pytest_cache -s PYTHONDONTWRITEBYTECODE=1 /usr/bin/python3 -m pytest
