[1m============================= test session starts ==============================[0m
platform linux -- Python 3.10.12, pytest-6.2.5, py-1.10.0, pluggy-0.13.0
cachedir: /home/phr/vscode_project/ros2_launch_testing_ws/build/my_testing/.pytest_cache
rootdir: /home/phr/vscode_project/ros2_launch_testing_ws/src/my_testing
plugins: launch-testing-1.0.10, ament-lint-0.12.14, ament-copyright-0.12.14, ament-xmllint-0.12.14, launch-testing-ros-0.19.10, ament-pep257-0.12.14, ament-flake8-0.12.14, colcon-core-0.19.0, cov-3.0.0
[1mcollecting ... [0m[1m
collected 1 item                                                               [0m

test/test_processor_service.py [INFO] [launch]: All log files can be found below /home/phr/.ros/log/2025-08-07-12-16-58-798599-PHR-13880
[INFO] [launch]: Default logging verbosity is set to INFO
[INFO] [number_processor-1]: process started with pid [13894]
[number_processor-1] Traceback (most recent call last):
[number_processor-1]   File "/home/phr/vscode_project/ros2_launch_testing_ws/install/my_algorithms/lib/my_algorithms/number_processor", line 33, in <module>
[number_processor-1]     sys.exit(load_entry_point('my-algorithms==0.0.0', 'console_scripts', 'number_processor')())
[number_processor-1]   File "/home/phr/vscode_project/ros2_launch_testing_ws/install/my_algorithms/lib/my_algorithms/number_processor", line 25, in importlib_load_entry_point
[number_processor-1]     return next(matches).load()
[number_processor-1]   File "/usr/lib/python3.10/importlib/metadata/__init__.py", line 171, in load
[number_processor-1]     module = import_module(match.group('module'))
[number_processor-1]   File "/usr/lib/python3.10/importlib/__init__.py", line 126, in import_module
[number_processor-1]     return _bootstrap._gcd_import(name[level:], package, level)
[number_processor-1]   File "<frozen importlib._bootstrap>", line 1050, in _gcd_import
[number_processor-1]   File "<frozen importlib._bootstrap>", line 1027, in _find_and_load
[number_processor-1]   File "<frozen importlib._bootstrap>", line 1004, in _find_and_load_unlocked
[number_processor-1] ModuleNotFoundError: No module named 'my_algorithms.number_processor_service_node'
[ERROR] [number_processor-1]: process has died [pid 13894, exit code 1, cmd '/home/phr/vscode_project/ros2_launch_testing_ws/install/my_algorithms/lib/my_algorithms/number_processor --ros-args -r __node:=number_processor_service_node'].
Processes under test stopped before tests completed
Process 'number_processor-1' exited with 1
##### 'number_processor-1' output #####
Traceback (most recent call last):
  File "/home/phr/vscode_project/ros2_launch_testing_ws/install/my_algorithms/lib/my_algorithms/number_processor", line 33, in <module>
    sys.exit(load_entry_point('my-algorithms==0.0.0', 'console_scripts', 'number_processor')())
  File "/home/phr/vscode_project/ros2_launch_testing_ws/install/my_algorithms/lib/my_algorithms/number_processor", line 25, in importlib_load_entry_point
    return next(matches).load()
  File "/usr/lib/python3.10/importlib/metadata/__init__.py", line 171, in load

    module = import_module(match.group('module'))
  File "/usr/lib/python3.10/importlib/__init__.py", line 126, in import_module
    return _bootstrap._gcd_import(name[level:], package, level)
  File "<frozen importlib._bootstrap>", line 1050, in _gcd_import

  File "<frozen importlib._bootstrap>", line 1027, in _find_and_load
  File "<frozen importlib._bootstrap>", line 1004, in _find_and_load_unlocked
ModuleNotFoundError: No module named 'my_algorithms.number_processor_service_node'

#######################################
[31mF[0m

=================================== FAILURES ===================================
[31m[1m_____________________ launch tests: test_processor_service _____________________[0m

===========================================================
FAIL: test_processor_service.TestProcessorService.test_service
-----------------------------------------------------------
Exception: Launch stopped before the active tests finished.
- generated xml file: /home/phr/vscode_project/ros2_launch_testing_ws/build/my_testing/pytest.xml -
=========================== short test summary info ============================
FAILED test/test_processor_service.py::test_processor_service - test_processo...
[31m============================== [31m[1m1 failed[0m[31m in 0.14s[0m[31m ===============================[0m
