[0.153s] Invoking command in '/home/phr/vscode_project/ros2_launch_testing_ws/src/my_testing': PYTEST_ADDOPTS=--tb=short --junit-xml=/home/phr/vscode_project/ros2_launch_testing_ws/build/my_testing/pytest.xml --junit-prefix=my_testing -o cache_dir=/home/phr/vscode_project/ros2_launch_testing_ws/build/my_testing/.pytest_cache -s PYTHONDONTWRITEBYTECODE=1 /usr/bin/python3 -m pytest
[0.285s] [1m============================= test session starts ==============================[0m
[0.285s] platform linux -- Python 3.10.12, pytest-6.2.5, py-1.10.0, pluggy-0.13.0
[0.287s] cachedir: /home/phr/vscode_project/ros2_launch_testing_ws/build/my_testing/.pytest_cache
[0.287s] rootdir: /home/phr/vscode_project/ros2_launch_testing_ws/src/my_testing
[0.287s] plugins: launch-testing-1.0.10, ament-lint-0.12.14, ament-copyright-0.12.14, ament-xmllint-0.12.14, launch-testing-ros-0.19.10, ament-pep257-0.12.14, ament-flake8-0.12.14, colcon-core-0.19.0, cov-3.0.0
[0.351s] [1mcollecting ... [0m[1m
[0.351s] collected 1 item                                                               [0m
[0.351s] 
[0.359s] test/test_processor_service.py [INFO] [launch]: All log files can be found below /home/phr/.ros/log/2025-08-07-12-16-58-798599-PHR-13880
[0.359s] [INFO] [launch]: Default logging verbosity is set to INFO
[0.370s] [INFO] [number_processor-1]: process started with pid [13894]
[0.415s] [number_processor-1] Traceback (most recent call last):
[0.415s] [number_processor-1]   File "/home/phr/vscode_project/ros2_launch_testing_ws/install/my_algorithms/lib/my_algorithms/number_processor", line 33, in <module>
[0.415s] [number_processor-1]     sys.exit(load_entry_point('my-algorithms==0.0.0', 'console_scripts', 'number_processor')())
[0.415s] [number_processor-1]   File "/home/phr/vscode_project/ros2_launch_testing_ws/install/my_algorithms/lib/my_algorithms/number_processor", line 25, in importlib_load_entry_point
[0.415s] [number_processor-1]     return next(matches).load()
[0.415s] [number_processor-1]   File "/usr/lib/python3.10/importlib/metadata/__init__.py", line 171, in load
[0.415s] [number_processor-1]     module = import_module(match.group('module'))
[0.415s] [number_processor-1]   File "/usr/lib/python3.10/importlib/__init__.py", line 126, in import_module
[0.415s] [number_processor-1]     return _bootstrap._gcd_import(name[level:], package, level)
[0.415s] [number_processor-1]   File "<frozen importlib._bootstrap>", line 1050, in _gcd_import
[0.415s] [number_processor-1]   File "<frozen importlib._bootstrap>", line 1027, in _find_and_load
[0.415s] [number_processor-1]   File "<frozen importlib._bootstrap>", line 1004, in _find_and_load_unlocked
[0.416s] [number_processor-1] ModuleNotFoundError: No module named 'my_algorithms.number_processor_service_node'
[0.421s] [ERROR] [number_processor-1]: process has died [pid 13894, exit code 1, cmd '/home/phr/vscode_project/ros2_launch_testing_ws/install/my_algorithms/lib/my_algorithms/number_processor --ros-args -r __node:=number_processor_service_node'].
[0.422s] Processes under test stopped before tests completed
[0.422s] Process 'number_processor-1' exited with 1
[0.422s] ##### 'number_processor-1' output #####
[0.422s] Traceback (most recent call last):
[0.422s]   File "/home/phr/vscode_project/ros2_launch_testing_ws/install/my_algorithms/lib/my_algorithms/number_processor", line 33, in <module>
[0.422s]     sys.exit(load_entry_point('my-algorithms==0.0.0', 'console_scripts', 'number_processor')())
[0.422s]   File "/home/phr/vscode_project/ros2_launch_testing_ws/install/my_algorithms/lib/my_algorithms/number_processor", line 25, in importlib_load_entry_point
[0.422s]     return next(matches).load()
[0.422s]   File "/usr/lib/python3.10/importlib/metadata/__init__.py", line 171, in load
[0.422s] 
[0.422s]     module = import_module(match.group('module'))
[0.422s]   File "/usr/lib/python3.10/importlib/__init__.py", line 126, in import_module
[0.422s]     return _bootstrap._gcd_import(name[level:], package, level)
[0.422s]   File "<frozen importlib._bootstrap>", line 1050, in _gcd_import
[0.422s] 
[0.422s]   File "<frozen importlib._bootstrap>", line 1027, in _find_and_load
[0.422s]   File "<frozen importlib._bootstrap>", line 1004, in _find_and_load_unlocked
[0.422s] ModuleNotFoundError: No module named 'my_algorithms.number_processor_service_node'
[0.422s] 
[0.422s] #######################################
[0.426s] [31mF[0m
[0.426s] 
[0.426s] =================================== FAILURES ===================================
[0.426s] [31m[1m_____________________ launch tests: test_processor_service _____________________[0m
[0.426s] 
[0.426s] ===========================================================
[0.426s] FAIL: test_processor_service.TestProcessorService.test_service
[0.426s] -----------------------------------------------------------
[0.426s] Exception: Launch stopped before the active tests finished.
[0.426s] - generated xml file: /home/phr/vscode_project/ros2_launch_testing_ws/build/my_testing/pytest.xml -
[0.426s] =========================== short test summary info ============================
[0.426s] FAILED test/test_processor_service.py::test_processor_service - test_processo...
[0.426s] [31m============================== [31m[1m1 failed[0m[31m in 0.14s[0m[31m ===============================[0m
[0.560s] Invoked command in '/home/phr/vscode_project/ros2_launch_testing_ws/src/my_testing' returned '1': PYTEST_ADDOPTS=--tb=short --junit-xml=/home/phr/vscode_project/ros2_launch_testing_ws/build/my_testing/pytest.xml --junit-prefix=my_testing -o cache_dir=/home/phr/vscode_project/ros2_launch_testing_ws/build/my_testing/.pytest_cache -s PYTHONDONTWRITEBYTECODE=1 /usr/bin/python3 -m pytest
