[1m============================= test session starts ==============================[0m
platform linux -- Python 3.10.12, pytest-6.2.5, py-1.10.0, pluggy-0.13.0
cachedir: /home/phr/vscode_project/ros2_launch_testing_ws/build/my_testing/.pytest_cache
rootdir: /home/phr/vscode_project/ros2_launch_testing_ws/src/my_testing
plugins: launch-testing-1.0.10, ament-lint-0.12.14, ament-copyright-0.12.14, ament-xmllint-0.12.14, launch-testing-ros-0.19.10, ament-pep257-0.12.14, ament-flake8-0.12.14, colcon-core-0.19.0, cov-3.0.0
[1mcollecting ... [0m[1m
collected 1 item                                                               [0m

test/test_integration.py [INFO] [launch]: All log files can be found below /home/phr/.ros/log/2025-08-05-22-52-36-691412-PHR-56078
[INFO] [launch]: Default logging verbosity is set to INFO
[INFO] [number_publisher-1]: process started with pid [56092]
[INFO] [number_processor-2]: process started with pid [56094]
test_communication_and_logic (test_integration.TestIntegration) ... [0m[INFO] [1754405556.733492474] [test_subscriber_node]: æµ‹è¯•èŠ‚ç‚¹test_subscriber_nodeå·²åˆ›å»º[0m
[number_processor-2] [INFO] [1754405556.805790813] [number_processor]: æ•°å­—å¤„ç†èŠ‚ç‚¹å·²å¯åŠ¨ï¼Œç­‰å¾…æ¥æ”¶æ•°å­—...
[number_publisher-1] [INFO] [1754405556.805790813] [number_publisher]: æ•°å­—å‘å¸ƒèŠ‚ç‚¹å·²å¯åŠ¨ï¼Œå°†ä»1å¼€å§‹å‘å¸ƒ...
[number_publisher-1] [INFO] [1754405557.801146784] [number_publisher]: å‘å¸ƒ: 1
[number_processor-2] [INFO] [1754405557.801461424] [number_processor]: æ”¶åˆ°: 1
[number_processor-2] [INFO] [1754405557.802204686] [number_processor]: å‘å¸ƒå¤„ç†åç»“æœ: 3
[number_publisher-1] [INFO] [1754405558.801136870] [number_publisher]: å‘å¸ƒ: 2
[number_processor-2] [INFO] [1754405558.801497816] [number_processor]: æ”¶åˆ°: 2
[number_processor-2] [INFO] [1754405558.802161528] [number_processor]: å‘å¸ƒå¤„ç†åç»“æœ: 6
[number_publisher-1] [INFO] [1754405559.801151893] [number_publisher]: å‘å¸ƒ: 3
[number_processor-2] [INFO] [1754405559.801400043] [number_processor]: æ”¶åˆ°: 3
[number_processor-2] [INFO] [1754405559.802117185] [number_processor]: å‘å¸ƒå¤„ç†åç»“æœ: 9
[0m[INFO] [1754405559.803357935] [test_subscriber_node]: æ£€æŸ¥æ¥æ”¶åˆ°çš„æ¶ˆæ¯ã€‚ Got: [3, 6, 9][0m
[0m[INFO] [1754405559.808182019] [test_subscriber_node]: æµ‹è¯•ç»“æŸï¼Œé”€æ¯æµ‹è¯•èŠ‚ç‚¹[0m
FAIL
test_processor_starts_ok (test_integration.TestIntegration) ... [0m[INFO] [1754405559.817745889] [test_subscriber_node]: æµ‹è¯•èŠ‚ç‚¹test_subscriber_nodeå·²åˆ›å»º[0m
[0m[INFO] [1754405559.818225566] [test_subscriber_node]: æ­£åœ¨æ£€æŸ¥ processor èŠ‚ç‚¹çš„å¯åŠ¨æ—¥å¿—...[0m
[0m[INFO] [1754405559.818733739] [test_subscriber_node]: Processor èŠ‚ç‚¹å¯åŠ¨æ­£å¸¸ã€‚[0m
[0m[INFO] [1754405559.822637650] [test_subscriber_node]: æµ‹è¯•ç»“æŸï¼Œé”€æ¯æµ‹è¯•èŠ‚ç‚¹[0m
ok
test_publisher_starts_ok (test_integration.TestIntegration) ... [0m[INFO] [1754405559.830134394] [test_subscriber_node]: æµ‹è¯•èŠ‚ç‚¹test_subscriber_nodeå·²åˆ›å»º[0m
[0m[INFO] [1754405559.830604573] [test_subscriber_node]: æ­£åœ¨æ£€æŸ¥ publisher èŠ‚ç‚¹çš„å¯åŠ¨æ—¥å¿—...[0m
[0m[INFO] [1754405559.831086625] [test_subscriber_node]: Publisher èŠ‚ç‚¹å¯åŠ¨æ­£å¸¸ã€‚[0m
[0m[INFO] [1754405559.835091458] [test_subscriber_node]: æµ‹è¯•ç»“æŸï¼Œé”€æ¯æµ‹è¯•èŠ‚ç‚¹[0m
ok

======================================================================
FAIL: test_communication_and_logic (test_integration.TestIntegration)
----------------------------------------------------------------------
Traceback (most recent call last):
  File "/home/phr/vscode_project/ros2_launch_testing_ws/src/my_testing/test/test_integration.py", line 84, in test_communication_and_logic
    self.assertEqual(sorted(self.received_messages), sorted(expected_results))
AssertionError: Lists differ: [3, 6, 9] != [2, 4, 6]

First differing element 0:
3
2

- [3, 6, 9]
+ [2, 4, 6]

----------------------------------------------------------------------
Ran 3 tests in 3.136s

FAILED (failures=1)
[INFO] [number_processor-2]: sending signal 'SIGINT' to process[number_processor-2]
[INFO] [number_publisher-1]: sending signal 'SIGINT' to process[number_publisher-1]
[number_processor-2] Traceback (most recent call last):
[number_processor-2]   File "/home/phr/vscode_project/ros2_launch_testing_ws/install/my_algorithms/lib/my_algorithms/number_processor", line 33, in <module>
[number_processor-2]     sys.exit(load_entry_point('my-algorithms==0.0.0', 'console_scripts', 'number_processor')())
[number_processor-2]   File "/home/phr/vscode_project/ros2_launch_testing_ws/install/my_algorithms/lib/python3.10/site-packages/my_algorithms/number_processor_node.py", line 32, in main
[number_processor-2]     rclpy.spin(node)
[number_processor-2]   File "/opt/ros/humble/local/lib/python3.10/dist-packages/rclpy/__init__.py", line 229, in spin
[number_processor-2]     executor.spin_once()
[number_processor-2]   File "/opt/ros/humble/local/lib/python3.10/dist-packages/rclpy/executors.py", line 751, in spin_once
[number_processor-2]     self._spin_once_impl(timeout_sec)
[number_processor-2]   File "/opt/ros/humble/local/lib/python3.10/dist-packages/rclpy/executors.py", line 740, in _spin_once_impl
[number_publisher-1] Traceback (most recent call last):
[number_publisher-1]   File "/home/phr/vscode_project/ros2_launch_testing_ws/install/my_algorithms/lib/my_algorithms/number_publisher", line 33, in <module>
[number_publisher-1]     sys.exit(load_entry_point('my-algorithms==0.0.0', 'console_scripts', 'number_publisher')())
[number_publisher-1]   File "/home/phr/vscode_project/ros2_launch_testing_ws/install/my_algorithms/lib/python3.10/site-packages/my_algorithms/number_publisher_node.py", line 25, in main
[number_publisher-1]     rclpy.spin(node)
[number_publisher-1]   File "/opt/ros/humble/local/lib/python3.10/dist-packages/rclpy/__init__.py", line 229, in spin
[number_publisher-1]     executor.spin_once()
[number_publisher-1]   File "/opt/ros/humble/local/lib/python3.10/dist-packages/rclpy/executors.py", line 751, in spin_once
[number_processor-2]     handler, entity, node = self.wait_for_ready_callbacks(timeout_sec=timeout_sec)
[number_processor-2]   File "/opt/ros/humble/local/lib/python3.10/dist-packages/rclpy/executors.py", line 723, in wait_for_ready_callbacks
[number_processor-2]     return next(self._cb_iter)
[number_processor-2]   File "/opt/ros/humble/local/lib/python3.10/dist-packages/rclpy/executors.py", line 620, in _wait_for_ready_callbacks
[number_processor-2]     wait_set.wait(timeout_nsec)
[number_processor-2] KeyboardInterrupt
[number_publisher-1]     self._spin_once_impl(timeout_sec)
[number_publisher-1]   File "/opt/ros/humble/local/lib/python3.10/dist-packages/rclpy/executors.py", line 740, in _spin_once_impl
[number_publisher-1]     handler, entity, node = self.wait_for_ready_callbacks(timeout_sec=timeout_sec)
[number_publisher-1]   File "/opt/ros/humble/local/lib/python3.10/dist-packages/rclpy/executors.py", line 723, in wait_for_ready_callbacks
[number_publisher-1]     return next(self._cb_iter)
[number_publisher-1]   File "/opt/ros/humble/local/lib/python3.10/dist-packages/rclpy/executors.py", line 620, in _wait_for_ready_callbacks
[number_publisher-1]     wait_set.wait(timeout_nsec)
[number_publisher-1] KeyboardInterrupt
[ERROR] [number_publisher-1]: process has died [pid 56092, exit code -2, cmd '/home/phr/vscode_project/ros2_launch_testing_ws/install/my_algorithms/lib/my_algorithms/number_publisher --ros-args -r __node:=number_publisher'].
[ERROR] [number_processor-2]: process has died [pid 56094, exit code -2, cmd '/home/phr/vscode_project/ros2_launch_testing_ws/install/my_algorithms/lib/my_algorithms/number_processor --ros-args -r __node:=number_processor'].

----------------------------------------------------------------------
Ran 0 tests in 0.000s

OK
[31mF[0m

=================================== FAILURES ===================================
[31m[1m________________________ launch tests: test_integration ________________________[0m

==========================================================================================================================================
FAIL: test_integration.TestIntegration.test_communication_and_logic
------------------------------------------------------------------------------------------------------------------------------------------
Traceback (most recent call last):
  File "/home/phr/vscode_project/ros2_launch_testing_ws/src/my_testing/test/test_integration.py", line 84, in test_communication_and_logic
    self.assertEqual(sorted(self.received_messages), sorted(expected_results))
AssertionError: Lists differ: [3, 6, 9] != [2, 4, 6]

First differing element 0:
3
2

- [3, 6, 9]
+ [2, 4, 6]
- generated xml file: /home/phr/vscode_project/ros2_launch_testing_ws/build/my_testing/pytest.xml -
=========================== short test summary info ============================
FAILED test/test_integration.py::test_integration - test_integration.TestInte...
[31m============================== [31m[1m1 failed[0m[31m in 3.25s[0m[31m ===============================[0m
