[0.000000] (-) TimerEvent: {}
[0.000192] (my_testing) JobQueued: {'identifier': 'my_testing', 'dependencies': OrderedDict([('my_interfaces', '/home/phr/vscode_project/ros2_launch_testing_ws/install/my_interfaces'), ('my_algorithms', '/home/phr/vscode_project/ros2_launch_testing_ws/install/my_algorithms'), ('my_testing', '/home/phr/vscode_project/ros2_launch_testing_ws/install/my_testing')])}
[0.000228] (my_testing) JobStarted: {'identifier': 'my_testing'}
[0.099466] (-) TimerEvent: {}
[0.150764] (my_testing) Command: {'cmd': ['/usr/bin/python3', '-m', 'pytest'], 'cwd': '/home/phr/vscode_project/ros2_launch_testing_ws/src/my_testing', 'env': {'GJS_DEBUG_TOPICS': 'JS ERROR;JS LOG', 'LESSOPEN': '| /usr/bin/lesspipe %s', 'LANGUAGE': 'zh_CN:en_US:en', 'USER': 'phr', 'LC_TIME': 'zh_CN.UTF-8', 'XDG_SESSION_TYPE': 'x11', 'GIT_ASKPASS': '/usr/share/code/resources/app/extensions/git/dist/askpass.sh', 'SHLVL': '1', 'LD_LIBRARY_PATH': '/home/phr/vscode_project/ros2_launch_testing_ws/install/my_interfaces/lib:/opt/ros/humble/opt/rviz_ogre_vendor/lib:/opt/ros/humble/lib/x86_64-linux-gnu:/opt/ros/humble/lib', 'HOME': '/home/phr', 'CHROME_DESKTOP': 'code.desktop', 'TERM_PROGRAM_VERSION': '1.102.2', 'DESKTOP_SESSION': 'ubuntu', 'GIO_LAUNCHED_DESKTOP_FILE': '/usr/share/applications/code.desktop', 'ROS_PYTHON_VERSION': '3', 'GNOME_SHELL_SESSION_MODE': 'ubuntu', 'GTK_MODULES': 'gail:atk-bridge', 'VSCODE_GIT_ASKPASS_MAIN': '/usr/share/code/resources/app/extensions/git/dist/askpass-main.js', 'LC_MONETARY': 'zh_CN.UTF-8', 'VSCODE_GIT_ASKPASS_NODE': '/usr/share/code/code', 'MANAGERPID': '2116', 'PYDEVD_DISABLE_FILE_VALIDATION': '1', 'SYSTEMD_EXEC_PID': '2470', 'BUNDLED_DEBUGPY_PATH': '/home/phr/.vscode/extensions/ms-python.debugpy-2025.10.0-linux-x64/bundled/libs/debugpy', 'DBUS_SESSION_BUS_ADDRESS': 'unix:path=/run/user/1000/bus', 'COLORTERM': 'truecolor', 'GIO_LAUNCHED_DESKTOP_FILE_PID': '4972', 'IM_CONFIG_PHASE': '1', 'COLCON_PREFIX_PATH': '/home/phr/vscode_project/ros2_launch_testing_ws/install', 'ROS_DISTRO': 'humble', 'GTK_IM_MODULE': 'fcitx', 'LOGNAME': 'phr', 'JOURNAL_STREAM': '8:11988', '_': '/usr/bin/colcon', 'ROS_VERSION': '2', 'XDG_SESSION_CLASS': 'user', 'USERNAME': 'phr', 'TERM': 'xterm-256color', 'GNOME_DESKTOP_SESSION_ID': 'this-is-deprecated', 'ROS_LOCALHOST_ONLY': '0', 'WINDOWPATH': '2', 'PATH': '/opt/ros/humble/bin:/usr/local/sbin:/usr/local/bin:/usr/sbin:/usr/bin:/sbin:/bin:/usr/games:/usr/local/games:/snap/bin:/snap/bin:/home/phr/.vscode/extensions/ms-python.debugpy-2025.10.0-linux-x64/bundled/scripts/noConfigScripts:/home/phr/.config/Code/User/globalStorage/github.copilot-chat/debugCommand', 'SESSION_MANAGER': 'local/PHR:@/tmp/.ICE-unix/2443,unix/PHR:/tmp/.ICE-unix/2443', 'INVOCATION_ID': 'dab3e73a07a24347af183fd738b0f6de', 'PAPERSIZE': 'a4', 'XDG_MENU_PREFIX': 'gnome-', 'LC_ADDRESS': 'zh_CN.UTF-8', 'XDG_RUNTIME_DIR': '/run/user/1000', 'GDK_BACKEND': 'x11', 'DISPLAY': ':1', 'VSCODE_DEBUGPY_ADAPTER_ENDPOINTS': '/home/phr/.vscode/extensions/ms-python.debugpy-2025.10.0-linux-x64/.noConfigDebugAdapterEndpoints/endpoint-34aef6fe3a9e5cf6.txt', 'LANG': 'zh_CN.UTF-8', 'XDG_CURRENT_DESKTOP': 'Unity', 'LC_TELEPHONE': 'zh_CN.UTF-8', 'XMODIFIERS': '@im=fcitx', 'XDG_SESSION_DESKTOP': 'ubuntu', 'XAUTHORITY': '/run/user/1000/gdm/Xauthority', 'LS_COLORS': 'rs=0:di=01;34:ln=01;36:mh=00:pi=40;33:so=01;35:do=01;35:bd=40;33;01:cd=40;33;01:or=40;31;01:mi=00:su=37;41:sg=30;43:ca=30;41:tw=30;42:ow=34;42:st=37;44:ex=01;32:*.tar=01;31:*.tgz=01;31:*.arc=01;31:*.arj=01;31:*.taz=01;31:*.lha=01;31:*.lz4=01;31:*.lzh=01;31:*.lzma=01;31:*.tlz=01;31:*.txz=01;31:*.tzo=01;31:*.t7z=01;31:*.zip=01;31:*.z=01;31:*.dz=01;31:*.gz=01;31:*.lrz=01;31:*.lz=01;31:*.lzo=01;31:*.xz=01;31:*.zst=01;31:*.tzst=01;31:*.bz2=01;31:*.bz=01;31:*.tbz=01;31:*.tbz2=01;31:*.tz=01;31:*.deb=01;31:*.rpm=01;31:*.jar=01;31:*.war=01;31:*.ear=01;31:*.sar=01;31:*.rar=01;31:*.alz=01;31:*.ace=01;31:*.zoo=01;31:*.cpio=01;31:*.7z=01;31:*.rz=01;31:*.cab=01;31:*.wim=01;31:*.swm=01;31:*.dwm=01;31:*.esd=01;31:*.jpg=01;35:*.jpeg=01;35:*.mjpg=01;35:*.mjpeg=01;35:*.gif=01;35:*.bmp=01;35:*.pbm=01;35:*.pgm=01;35:*.ppm=01;35:*.tga=01;35:*.xbm=01;35:*.xpm=01;35:*.tif=01;35:*.tiff=01;35:*.png=01;35:*.svg=01;35:*.svgz=01;35:*.mng=01;35:*.pcx=01;35:*.mov=01;35:*.mpg=01;35:*.mpeg=01;35:*.m2v=01;35:*.mkv=01;35:*.webm=01;35:*.webp=01;35:*.ogm=01;35:*.mp4=01;35:*.m4v=01;35:*.mp4v=01;35:*.vob=01;35:*.qt=01;35:*.nuv=01;35:*.wmv=01;35:*.asf=01;35:*.rm=01;35:*.rmvb=01;35:*.flc=01;35:*.avi=01;35:*.fli=01;35:*.flv=01;35:*.gl=01;35:*.dl=01;35:*.xcf=01;35:*.xwd=01;35:*.yuv=01;35:*.cgm=01;35:*.emf=01;35:*.ogv=01;35:*.ogx=01;35:*.aac=00;36:*.au=00;36:*.flac=00;36:*.m4a=00;36:*.mid=00;36:*.midi=00;36:*.mka=00;36:*.mp3=00;36:*.mpc=00;36:*.ogg=00;36:*.ra=00;36:*.wav=00;36:*.oga=00;36:*.opus=00;36:*.spx=00;36:*.xspf=00;36:', 'VSCODE_GIT_IPC_HANDLE': '/run/user/1000/vscode-git-02258c1e82.sock', 'TERM_PROGRAM': 'vscode', 'SSH_AGENT_LAUNCHER': 'gnome-keyring', 'ROSDISTRO_INDEX_URL': 'https://mirrors.tuna.tsinghua.edu.cn/rosdistro/index-v4.yaml', 'SSH_AUTH_SOCK': '/run/user/1000/keyring/ssh', 'AMENT_PREFIX_PATH': '/home/phr/vscode_project/ros2_launch_testing_ws/install/my_testing:/home/phr/vscode_project/ros2_launch_testing_ws/install/my_algorithms:/home/phr/vscode_project/ros2_launch_testing_ws/install/my_interfaces:/opt/ros/humble', 'ORIGINAL_XDG_CURRENT_DESKTOP': 'ubuntu:GNOME', 'SHELL': '/bin/bash', 'LC_NAME': 'zh_CN.UTF-8', 'QT_ACCESSIBILITY': '1', 'GDMSESSION': 'ubuntu', 'LESSCLOSE': '/usr/bin/lesspipe %s %s', 'LC_MEASUREMENT': 'zh_CN.UTF-8', 'GPG_AGENT_INFO': '/run/user/1000/gnupg/S.gpg-agent:0:1', 'GJS_DEBUG_OUTPUT': 'stderr', 'LC_IDENTIFICATION': 'zh_CN.UTF-8', 'VSCODE_GIT_ASKPASS_EXTRA_ARGS': '', 'QT_IM_MODULE': 'fcitx', 'PWD': '/home/phr/vscode_project/ros2_launch_testing_ws/build/my_testing', 'XDG_CONFIG_DIRS': '/etc/xdg/xdg-ubuntu:/etc/xdg', 'CLUTTER_IM_MODULE': 'fcitx', 'XDG_DATA_DIRS': '/usr/share/ubuntu:/usr/share/gnome:/usr/local/share/:/usr/share/:/var/lib/snapd/desktop', 'PYTHONPATH': '/home/phr/vscode_project/ros2_launch_testing_ws/install/my_testing/lib/python3.10/site-packages:/home/phr/vscode_project/ros2_launch_testing_ws/install/my_algorithms/lib/python3.10/site-packages:/home/phr/vscode_project/ros2_launch_testing_ws/install/my_interfaces/local/lib/python3.10/dist-packages:/opt/ros/humble/lib/python3.10/site-packages:/opt/ros/humble/local/lib/python3.10/dist-packages', 'LC_NUMERIC': 'zh_CN.UTF-8', 'LC_PAPER': 'zh_CN.UTF-8', 'COLCON': '1', 'CMAKE_PREFIX_PATH': '/home/phr/vscode_project/ros2_launch_testing_ws/install/my_interfaces', 'PYTHONDONTWRITEBYTECODE': '1', 'PYTEST_ADDOPTS': '--tb=short --junit-xml=/home/phr/vscode_project/ros2_launch_testing_ws/build/my_testing/pytest.xml --junit-prefix=my_testing -o cache_dir=/home/phr/vscode_project/ros2_launch_testing_ws/build/my_testing/.pytest_cache -vs'}, 'shell': False}
[0.199493] (-) TimerEvent: {}
[0.299683] (-) TimerEvent: {}
[0.308261] (my_testing) StdoutLine: {'line': b'\x1b[1m============================= test session starts ==============================\x1b[0m\n'}
[0.308396] (my_testing) StdoutLine: {'line': b'platform linux -- Python 3.10.12, pytest-6.2.5, py-1.10.0, pluggy-0.13.0 -- /usr/bin/python3\n'}
[0.310354] (my_testing) StdoutLine: {'line': b'cachedir: /home/phr/vscode_project/ros2_launch_testing_ws/build/my_testing/.pytest_cache\n'}
[0.310460] (my_testing) StdoutLine: {'line': b'rootdir: /home/phr/vscode_project/ros2_launch_testing_ws/src/my_testing\n'}
[0.310519] (my_testing) StdoutLine: {'line': b'plugins: launch-testing-1.0.10, ament-lint-0.12.14, ament-copyright-0.12.14, ament-xmllint-0.12.14, launch-testing-ros-0.19.10, ament-pep257-0.12.14, ament-flake8-0.12.14, colcon-core-0.19.0, cov-3.0.0\n'}
[0.389863] (my_testing) StdoutLine: {'line': b'\x1b[1mcollecting ... \x1b[0m\x1b[1m\n'}
[0.390018] (my_testing) StdoutLine: {'line': b'collected 1 item                                                               \x1b[0m\n'}
[0.390109] (my_testing) StdoutLine: {'line': b'\n'}
[0.397552] (my_testing) StdoutLine: {'line': b"test/test_processor_service.py::test_processor_service [DEBUG] [launch.launch_context]: emitting event synchronously: 'launch.events.IncludeLaunchDescription'\n"}
[0.398134] (my_testing) StdoutLine: {'line': b'[INFO] [launch]: All log files can be found below /home/phr/.ros/log/2025-08-07-12-16-33-626592-PHR-13712\n'}
[0.398201] (my_testing) StdoutLine: {'line': b'[INFO] [launch]: Default logging verbosity is set to DEBUG\n'}
[0.399747] (-) TimerEvent: {}
[0.400379] (my_testing) StdoutLine: {'line': b"[DEBUG] [launch]: processing event: '<launch.events.include_launch_description.IncludeLaunchDescription object at 0x720cdea79e70>'\n"}
[0.400470] (my_testing) StdoutLine: {'line': b"[DEBUG] [launch]: processing event: '<launch.events.include_launch_description.IncludeLaunchDescription object at 0x720cdea79e70>' \xe2\x9c\x93 '<launch.event_handlers.on_include_launch_description.OnIncludeLaunchDescription object at 0x720cddd822c0>'\n"}
[0.437834] (my_testing) StdoutLine: {'line': b'[INFO] [number_processor-1]: process started with pid [13729]\n'}
[0.437986] (my_testing) StdoutLine: {'line': b"[DEBUG] [launch.launch_context]: emitting event: 'launch.events.process.ProcessStarted'\n"}
[0.438048] (my_testing) StdoutLine: {'line': b"[DEBUG] [launch]: processing event: '<launch.events.process.process_started.ProcessStarted object at 0x720cdd3d0400>'\n"}
[0.438117] (my_testing) StdoutLine: {'line': b"[DEBUG] [launch]: processing event: '<launch.events.process.process_started.ProcessStarted object at 0x720cdd3d0400>' \xe2\x9c\x93 '<launch.event_handlers.on_process_start.OnProcessStart object at 0x720cdea7ba60>'\n"}
[0.438168] (my_testing) StdoutLine: {'line': b"[DEBUG] [launch]: processing event: '<launch.events.process.process_started.ProcessStarted object at 0x720cdd3d0400>' \xe2\x9c\x93 '<launch.event_handlers.on_process_start.OnProcessStart object at 0x720cdea78430>'\n"}
[0.473350] (my_testing) StdoutLine: {'line': b"[DEBUG] [launch.launch_context]: emitting event synchronously: 'launch.events.process.ProcessStderr'\n"}
[0.473508] (my_testing) StdoutLine: {'line': b"[DEBUG] [launch]: processing event: '<launch.events.process.process_stderr.ProcessStderr object at 0x720cdd3d05b0>'\n"}
[0.473556] (my_testing) StdoutLine: {'line': b"[DEBUG] [launch]: processing event: '<launch.events.process.process_stderr.ProcessStderr object at 0x720cdd3d05b0>' \xe2\x9c\x93 '<launch.event_handlers.on_process_io.OnProcessIO object at 0x720cdeabbe80>'\n"}
[0.473647] (my_testing) StdoutLine: {'line': b'[number_processor-1] Traceback (most recent call last):\n'}
[0.473709] (my_testing) StdoutLine: {'line': b'[number_processor-1]   File "/home/phr/vscode_project/ros2_launch_testing_ws/install/my_algorithms/lib/my_algorithms/number_processor", line 33, in <module>\n'}
[0.473753] (my_testing) StdoutLine: {'line': b"[number_processor-1]     sys.exit(load_entry_point('my-algorithms==0.0.0', 'console_scripts', 'number_processor')())\n"}
[0.473787] (my_testing) StdoutLine: {'line': b'[number_processor-1]   File "/home/phr/vscode_project/ros2_launch_testing_ws/install/my_algorithms/lib/my_algorithms/number_processor", line 25, in importlib_load_entry_point\n'}
[0.473830] (my_testing) StdoutLine: {'line': b'[number_processor-1]     return next(matches).load()\n'}
[0.473861] (my_testing) StdoutLine: {'line': b'[number_processor-1]   File "/usr/lib/python3.10/importlib/metadata/__init__.py", line 171, in load\n'}
[0.473892] (my_testing) StdoutLine: {'line': b"[DEBUG] [launch]: processing event: '<launch.events.process.process_stderr.ProcessStderr object at 0x720cdd3d05b0>' \xe2\x9c\x93 '<launch.event_handlers.on_process_io.OnProcessIO object at 0x720cdea7b5b0>'\n"}
[0.473923] (my_testing) StdoutLine: {'line': b"[DEBUG] [launch.launch_context]: emitting event synchronously: 'launch.events.process.ProcessStderr'\n"}
[0.474145] (my_testing) StdoutLine: {'line': b"[DEBUG] [launch]: processing event: '<launch.events.process.process_stderr.ProcessStderr object at 0x720cdd3d0490>'\n"}
[0.474190] (my_testing) StdoutLine: {'line': b"[DEBUG] [launch]: processing event: '<launch.events.process.process_stderr.ProcessStderr object at 0x720cdd3d0490>' \xe2\x9c\x93 '<launch.event_handlers.on_process_io.OnProcessIO object at 0x720cdeabbe80>'\n"}
[0.474243] (my_testing) StdoutLine: {'line': b"[number_processor-1]     module = import_module(match.group('module'))\n"}
[0.474287] (my_testing) StdoutLine: {'line': b'[number_processor-1]   File "/usr/lib/python3.10/importlib/__init__.py", line 126, in import_module\n'}
[0.474321] (my_testing) StdoutLine: {'line': b'[number_processor-1]     return _bootstrap._gcd_import(name[level:], package, level)\n'}
[0.474355] (my_testing) StdoutLine: {'line': b'[number_processor-1]   File "<frozen importlib._bootstrap>", line 1050, in _gcd_import\n'}
[0.474388] (my_testing) StdoutLine: {'line': b'[number_processor-1]   File "<frozen importlib._bootstrap>", line 1027, in _find_and_load\n'}
[0.474426] (my_testing) StdoutLine: {'line': b'[number_processor-1]   File "<frozen importlib._bootstrap>", line 1004, in _find_and_load_unlocked\n'}
[0.474467] (my_testing) StdoutLine: {'line': b"[number_processor-1] ModuleNotFoundError: No module named 'my_algorithms.number_processor_service_node'\n"}
[0.474504] (my_testing) StdoutLine: {'line': b"[DEBUG] [launch]: processing event: '<launch.events.process.process_stderr.ProcessStderr object at 0x720cdd3d0490>' \xe2\x9c\x93 '<launch.event_handlers.on_process_io.OnProcessIO object at 0x720cdea7b5b0>'\n"}
[0.481629] (my_testing) StdoutLine: {'line': b"[ERROR] [number_processor-1]: process has died [pid 13729, exit code 1, cmd '/home/phr/vscode_project/ros2_launch_testing_ws/install/my_algorithms/lib/my_algorithms/number_processor --ros-args -r __node:=number_processor_service_node'].\n"}
[0.481771] (my_testing) StdoutLine: {'line': b"[DEBUG] [launch.launch_context]: emitting event: 'launch.events.process.ProcessExited'\n"}
[0.481868] (my_testing) StdoutLine: {'line': b"[DEBUG] [launch]: processing event: '<launch.events.process.process_exited.ProcessExited object at 0x720cdd3d00a0>'\n"}
[0.481911] (my_testing) StdoutLine: {'line': b"[DEBUG] [launch]: processing event: '<launch.events.process.process_exited.ProcessExited object at 0x720cdd3d00a0>' \xe2\x9c\x93 '<launch.event_handlers.on_process_exit.OnProcessExit object at 0x720cdeabbee0>'\n"}
[0.481949] (my_testing) StdoutLine: {'line': b"[DEBUG] [launch]: processing event: '<launch.events.process.process_exited.ProcessExited object at 0x720cdd3d00a0>' \xe2\x9c\x93 '<launch.event_handlers.on_process_exit.OnProcessExit object at 0x720cdeab9c60>'\n"}
[0.481983] (my_testing) StdoutLine: {'line': b"[DEBUG] [launch]: processing event: '<launch.events.process.process_exited.ProcessExited object at 0x720cdd3d00a0>' \xe2\x9c\x93 '<launch.event_handlers.on_process_exit.OnProcessExit object at 0x720cdea78340>'\n"}
[0.482032] (my_testing) StdoutLine: {'line': b"[DEBUG] [launch.launch_context]: emitting event: 'launch.events.Shutdown'\n"}
[0.482229] (my_testing) StdoutLine: {'line': b"[DEBUG] [launch]: processing event: '<launch.events.shutdown.Shutdown object at 0x720cddd83d60>'\n"}
[0.482289] (my_testing) StdoutLine: {'line': b"[DEBUG] [launch]: processing event: '<launch.events.shutdown.Shutdown object at 0x720cddd83d60>' \xe2\x9c\x93 '<launch.event_handlers.on_shutdown.OnShutdown object at 0x720cdeab9d20>'\n"}
[0.482324] (my_testing) StdoutLine: {'line': b"[DEBUG] [launch]: processing event: '<launch.events.shutdown.Shutdown object at 0x720cddd83d60>' \xe2\x9c\x93 '<launch.event_handlers.on_shutdown.OnShutdown object at 0x720cddd823e0>'\n"}
[0.482495] (my_testing) StdoutLine: {'line': b'Processes under test stopped before tests completed\n'}
[0.482579] (my_testing) StdoutLine: {'line': b"Process 'number_processor-1' exited with 1\n"}
[0.482616] (my_testing) StdoutLine: {'line': b"##### 'number_processor-1' output #####\n"}
[0.482647] (my_testing) StdoutLine: {'line': b'Traceback (most recent call last):\n'}
[0.482675] (my_testing) StdoutLine: {'line': b'  File "/home/phr/vscode_project/ros2_launch_testing_ws/install/my_algorithms/lib/my_algorithms/number_processor", line 33, in <module>\n'}
[0.482706] (my_testing) StdoutLine: {'line': b"    sys.exit(load_entry_point('my-algorithms==0.0.0', 'console_scripts', 'number_processor')())\n"}
[0.482741] (my_testing) StdoutLine: {'line': b'  File "/home/phr/vscode_project/ros2_launch_testing_ws/install/my_algorithms/lib/my_algorithms/number_processor", line 25, in importlib_load_entry_point\n'}
[0.482781] (my_testing) StdoutLine: {'line': b'    return next(matches).load()\n'}
[0.482811] (my_testing) StdoutLine: {'line': b'  File "/usr/lib/python3.10/importlib/metadata/__init__.py", line 171, in load\n'}
[0.482842] (my_testing) StdoutLine: {'line': b'\n'}
[0.482871] (my_testing) StdoutLine: {'line': b"    module = import_module(match.group('module'))\n"}
[0.482900] (my_testing) StdoutLine: {'line': b'  File "/usr/lib/python3.10/importlib/__init__.py", line 126, in import_module\n'}
[0.482929] (my_testing) StdoutLine: {'line': b'    return _bootstrap._gcd_import(name[level:], package, level)\n'}
[0.482958] (my_testing) StdoutLine: {'line': b'  File "<frozen importlib._bootstrap>", line 1050, in _gcd_import\n'}
[0.482988] (my_testing) StdoutLine: {'line': b'  File "<frozen importlib._bootstrap>", line 1027, in _find_and_load\n'}
[0.483017] (my_testing) StdoutLine: {'line': b'  File "<frozen importlib._bootstrap>", line 1004, in _find_and_load_unlocked\n'}
[0.483047] (my_testing) StdoutLine: {'line': b"ModuleNotFoundError: No module named 'my_algorithms.number_processor_service_node'\n"}
[0.483084] (my_testing) StdoutLine: {'line': b'\n'}
[0.483113] (my_testing) StdoutLine: {'line': b'#######################################\n'}
[0.486483] (my_testing) StdoutLine: {'line': b'\x1b[31mFAILED\x1b[0m\n'}
[0.486555] (my_testing) StdoutLine: {'line': b'\n'}
[0.486593] (my_testing) StdoutLine: {'line': b'=================================== FAILURES ===================================\n'}
[0.486736] (my_testing) StdoutLine: {'line': b'\x1b[31m\x1b[1m_____________________ launch tests: test_processor_service _____________________\x1b[0m\n'}
[0.486798] (my_testing) StdoutLine: {'line': b'\n'}
[0.486838] (my_testing) StdoutLine: {'line': b'===========================================================\n'}
[0.486870] (my_testing) StdoutLine: {'line': b'FAIL: test_processor_service.TestProcessorService.test_service\n'}
[0.486901] (my_testing) StdoutLine: {'line': b'-----------------------------------------------------------\n'}
[0.486931] (my_testing) StdoutLine: {'line': b'Exception: Launch stopped before the active tests finished.\n'}
[0.486960] (my_testing) StdoutLine: {'line': b'------------------------------ Captured log call -------------------------------\n'}
[0.486990] (my_testing) StdoutLine: {'line': b'\x1b[35mDEBUG   \x1b[0m asyncio:selector_events.py:54 Using selector: EpollSelector\n'}
[0.487019] (my_testing) StdoutLine: {'line': b"\x1b[35mDEBUG   \x1b[0m asyncio:base_events.py:1616 execute program '/home/phr/vscode_project/ros2_launch_testing_ws/install/my_algorithms/lib/my_algorithms/number_processor' stdin=<pipe> stdout=<pipe> stderr=<pipe>\n"}
[0.487051] (my_testing) StdoutLine: {'line': b"\x1b[35mDEBUG   \x1b[0m asyncio:base_subprocess.py:50 process '/home/phr/vscode_project/ros2_launch_testing_ws/install/my_algorithms/lib/my_algorithms/number_processor' created: pid 13729\n"}
[0.487087] (my_testing) StdoutLine: {'line': b'\x1b[35mDEBUG   \x1b[0m asyncio:base_events.py:1601 Write pipe 27 connected: (<_UnixWritePipeTransport fd=27 idle bufsize=0>, <WriteSubprocessPipeProto fd=0 pipe=<_UnixWritePipeTransport fd=27 idle bufsize=0>>)\n'}
[0.487119] (my_testing) StdoutLine: {'line': b'\x1b[35mDEBUG   \x1b[0m asyncio:base_events.py:1585 Read pipe 28 connected: (<_UnixReadPipeTransport fd=28 polling>, <ReadSubprocessPipeProto fd=1 pipe=<_UnixReadPipeTransport fd=28 polling>>)\n'}
[0.487150] (my_testing) StdoutLine: {'line': b'\x1b[35mDEBUG   \x1b[0m asyncio:base_events.py:1585 Read pipe 30 connected: (<_UnixReadPipeTransport fd=30 polling>, <ReadSubprocessPipeProto fd=2 pipe=<_UnixReadPipeTransport fd=30 polling>>)\n'}
[0.487180] (my_testing) StdoutLine: {'line': b"\x1b[32mINFO    \x1b[0m asyncio:base_events.py:1685 execute program '/home/phr/vscode_project/ros2_launch_testing_ws/install/my_algorithms/lib/my_algorithms/number_processor': <_UnixSubprocessTransport pid=13729 running stdin=<_UnixWritePipeTransport fd=27 idle bufsize=0> stdout=<_UnixReadPipeTransport fd=28 polling> stderr=<_UnixReadPipeTransport fd=30 polling>>\n"}
[0.487219] (my_testing) StdoutLine: {'line': b'\x1b[32mINFO    \x1b[0m asyncio:unix_events.py:514 <_UnixReadPipeTransport fd=30 polling> was closed by peer\n'}
[0.487248] (my_testing) StdoutLine: {'line': b'\x1b[35mDEBUG   \x1b[0m asyncio:unix_events.py:1404 process 13729 exited with returncode 1\n'}
[0.487279] (my_testing) StdoutLine: {'line': b'\x1b[32mINFO    \x1b[0m asyncio:unix_events.py:514 <_UnixReadPipeTransport fd=28 polling> was closed by peer\n'}
[0.487307] (my_testing) StdoutLine: {'line': b'\x1b[32mINFO    \x1b[0m asyncio:unix_events.py:653 <_UnixWritePipeTransport fd=27 idle bufsize=0> was closed by peer\n'}
[0.487337] (my_testing) StdoutLine: {'line': b'\x1b[32mINFO    \x1b[0m asyncio:base_subprocess.py:211 <_UnixSubprocessTransport pid=13729 running stdin=<_UnixWritePipeTransport closed fd=27 closed> stdout=<_UnixReadPipeTransport closed fd=28 closed> stderr=<_UnixReadPipeTransport closed fd=30 closed>> exited with return code 1\n'}
[0.487368] (my_testing) StdoutLine: {'line': b'- generated xml file: /home/phr/vscode_project/ros2_launch_testing_ws/build/my_testing/pytest.xml -\n'}
[0.487396] (my_testing) StdoutLine: {'line': b'=========================== short test summary info ============================\n'}
[0.487426] (my_testing) StdoutLine: {'line': b'FAILED test/test_processor_service.py::test_processor_service - test_processo...\n'}
[0.487465] (my_testing) StdoutLine: {'line': b'\x1b[31m============================== \x1b[31m\x1b[1m1 failed\x1b[0m\x1b[31m in 0.18s\x1b[0m\x1b[31m ===============================\x1b[0m\n'}
[0.499850] (-) TimerEvent: {}
[0.600086] (-) TimerEvent: {}
[0.628040] (my_testing) CommandEnded: {'returncode': 1}
[0.628279] (my_testing) TestFailure: {'identifier': 'my_testing'}
[0.628295] (my_testing) JobEnded: {'identifier': 'my_testing', 'rc': 0}
[0.628645] (-) EventReactorShutdown: {}
