[0.000000] (-) TimerEvent: {}
[0.000209] (my_testing) JobQueued: {'identifier': 'my_testing', 'dependencies': OrderedDict([('my_interfaces', '/home/phr/vscode_project/ros2_launch_testing_ws/install/my_interfaces'), ('my_algorithms', '/home/phr/vscode_project/ros2_launch_testing_ws/install/my_algorithms'), ('my_testing', '/home/phr/vscode_project/ros2_launch_testing_ws/install/my_testing')])}
[0.000242] (my_testing) JobStarted: {'identifier': 'my_testing'}
[0.099378] (-) TimerEvent: {}
[0.167106] (my_testing) Command: {'cmd': ['/usr/bin/python3', '-m', 'pytest'], 'cwd': '/home/phr/vscode_project/ros2_launch_testing_ws/src/my_testing', 'env': {'GJS_DEBUG_TOPICS': 'JS ERROR;JS LOG', 'LESSOPEN': '| /usr/bin/lesspipe %s', 'LANGUAGE': 'zh_CN:en_US:en', 'USER': 'phr', 'LC_TIME': 'zh_CN.UTF-8', 'XDG_SESSION_TYPE': 'x11', 'GIT_ASKPASS': '/usr/share/code/resources/app/extensions/git/dist/askpass.sh', 'SHLVL': '1', 'LD_LIBRARY_PATH': '/home/phr/vscode_project/ros2_launch_testing_ws/install/my_interfaces/lib:/opt/ros/humble/opt/rviz_ogre_vendor/lib:/opt/ros/humble/lib/x86_64-linux-gnu:/opt/ros/humble/lib', 'HOME': '/home/phr', 'CHROME_DESKTOP': 'code.desktop', 'TERM_PROGRAM_VERSION': '1.102.2', 'DESKTOP_SESSION': 'ubuntu', 'GIO_LAUNCHED_DESKTOP_FILE': '/usr/share/applications/code.desktop', 'ROS_PYTHON_VERSION': '3', 'GNOME_SHELL_SESSION_MODE': 'ubuntu', 'GTK_MODULES': 'gail:atk-bridge', 'VSCODE_GIT_ASKPASS_MAIN': '/usr/share/code/resources/app/extensions/git/dist/askpass-main.js', 'LC_MONETARY': 'zh_CN.UTF-8', 'VSCODE_GIT_ASKPASS_NODE': '/usr/share/code/code', 'MANAGERPID': '2116', 'PYDEVD_DISABLE_FILE_VALIDATION': '1', 'SYSTEMD_EXEC_PID': '2470', 'BUNDLED_DEBUGPY_PATH': '/home/phr/.vscode/extensions/ms-python.debugpy-2025.10.0-linux-x64/bundled/libs/debugpy', 'DBUS_SESSION_BUS_ADDRESS': 'unix:path=/run/user/1000/bus', 'COLORTERM': 'truecolor', 'GIO_LAUNCHED_DESKTOP_FILE_PID': '4972', 'IM_CONFIG_PHASE': '1', 'COLCON_PREFIX_PATH': '/home/phr/vscode_project/ros2_launch_testing_ws/install', 'ROS_DISTRO': 'humble', 'GTK_IM_MODULE': 'fcitx', 'LOGNAME': 'phr', 'JOURNAL_STREAM': '8:11988', '_': '/usr/bin/colcon', 'ROS_VERSION': '2', 'XDG_SESSION_CLASS': 'user', 'USERNAME': 'phr', 'TERM': 'xterm-256color', 'GNOME_DESKTOP_SESSION_ID': 'this-is-deprecated', 'ROS_LOCALHOST_ONLY': '0', 'WINDOWPATH': '2', 'PATH': '/opt/ros/humble/bin:/usr/local/sbin:/usr/local/bin:/usr/sbin:/usr/bin:/sbin:/bin:/usr/games:/usr/local/games:/snap/bin:/snap/bin:/home/phr/.vscode/extensions/ms-python.debugpy-2025.10.0-linux-x64/bundled/scripts/noConfigScripts:/home/phr/.config/Code/User/globalStorage/github.copilot-chat/debugCommand', 'SESSION_MANAGER': 'local/PHR:@/tmp/.ICE-unix/2443,unix/PHR:/tmp/.ICE-unix/2443', 'INVOCATION_ID': 'dab3e73a07a24347af183fd738b0f6de', 'PAPERSIZE': 'a4', 'XDG_MENU_PREFIX': 'gnome-', 'LC_ADDRESS': 'zh_CN.UTF-8', 'XDG_RUNTIME_DIR': '/run/user/1000', 'GDK_BACKEND': 'x11', 'DISPLAY': ':1', 'VSCODE_DEBUGPY_ADAPTER_ENDPOINTS': '/home/phr/.vscode/extensions/ms-python.debugpy-2025.10.0-linux-x64/.noConfigDebugAdapterEndpoints/endpoint-34aef6fe3a9e5cf6.txt', 'LANG': 'zh_CN.UTF-8', 'XDG_CURRENT_DESKTOP': 'Unity', 'LC_TELEPHONE': 'zh_CN.UTF-8', 'XMODIFIERS': '@im=fcitx', 'XDG_SESSION_DESKTOP': 'ubuntu', 'XAUTHORITY': '/run/user/1000/gdm/Xauthority', 'LS_COLORS': 'rs=0:di=01;34:ln=01;36:mh=00:pi=40;33:so=01;35:do=01;35:bd=40;33;01:cd=40;33;01:or=40;31;01:mi=00:su=37;41:sg=30;43:ca=30;41:tw=30;42:ow=34;42:st=37;44:ex=01;32:*.tar=01;31:*.tgz=01;31:*.arc=01;31:*.arj=01;31:*.taz=01;31:*.lha=01;31:*.lz4=01;31:*.lzh=01;31:*.lzma=01;31:*.tlz=01;31:*.txz=01;31:*.tzo=01;31:*.t7z=01;31:*.zip=01;31:*.z=01;31:*.dz=01;31:*.gz=01;31:*.lrz=01;31:*.lz=01;31:*.lzo=01;31:*.xz=01;31:*.zst=01;31:*.tzst=01;31:*.bz2=01;31:*.bz=01;31:*.tbz=01;31:*.tbz2=01;31:*.tz=01;31:*.deb=01;31:*.rpm=01;31:*.jar=01;31:*.war=01;31:*.ear=01;31:*.sar=01;31:*.rar=01;31:*.alz=01;31:*.ace=01;31:*.zoo=01;31:*.cpio=01;31:*.7z=01;31:*.rz=01;31:*.cab=01;31:*.wim=01;31:*.swm=01;31:*.dwm=01;31:*.esd=01;31:*.jpg=01;35:*.jpeg=01;35:*.mjpg=01;35:*.mjpeg=01;35:*.gif=01;35:*.bmp=01;35:*.pbm=01;35:*.pgm=01;35:*.ppm=01;35:*.tga=01;35:*.xbm=01;35:*.xpm=01;35:*.tif=01;35:*.tiff=01;35:*.png=01;35:*.svg=01;35:*.svgz=01;35:*.mng=01;35:*.pcx=01;35:*.mov=01;35:*.mpg=01;35:*.mpeg=01;35:*.m2v=01;35:*.mkv=01;35:*.webm=01;35:*.webp=01;35:*.ogm=01;35:*.mp4=01;35:*.m4v=01;35:*.mp4v=01;35:*.vob=01;35:*.qt=01;35:*.nuv=01;35:*.wmv=01;35:*.asf=01;35:*.rm=01;35:*.rmvb=01;35:*.flc=01;35:*.avi=01;35:*.fli=01;35:*.flv=01;35:*.gl=01;35:*.dl=01;35:*.xcf=01;35:*.xwd=01;35:*.yuv=01;35:*.cgm=01;35:*.emf=01;35:*.ogv=01;35:*.ogx=01;35:*.aac=00;36:*.au=00;36:*.flac=00;36:*.m4a=00;36:*.mid=00;36:*.midi=00;36:*.mka=00;36:*.mp3=00;36:*.mpc=00;36:*.ogg=00;36:*.ra=00;36:*.wav=00;36:*.oga=00;36:*.opus=00;36:*.spx=00;36:*.xspf=00;36:', 'VSCODE_GIT_IPC_HANDLE': '/run/user/1000/vscode-git-02258c1e82.sock', 'TERM_PROGRAM': 'vscode', 'SSH_AGENT_LAUNCHER': 'gnome-keyring', 'ROSDISTRO_INDEX_URL': 'https://mirrors.tuna.tsinghua.edu.cn/rosdistro/index-v4.yaml', 'SSH_AUTH_SOCK': '/run/user/1000/keyring/ssh', 'AMENT_PREFIX_PATH': '/home/phr/vscode_project/ros2_launch_testing_ws/install/my_testing:/home/phr/vscode_project/ros2_launch_testing_ws/install/my_algorithms:/home/phr/vscode_project/ros2_launch_testing_ws/install/my_interfaces:/opt/ros/humble', 'ORIGINAL_XDG_CURRENT_DESKTOP': 'ubuntu:GNOME', 'SHELL': '/bin/bash', 'LC_NAME': 'zh_CN.UTF-8', 'QT_ACCESSIBILITY': '1', 'GDMSESSION': 'ubuntu', 'LESSCLOSE': '/usr/bin/lesspipe %s %s', 'LC_MEASUREMENT': 'zh_CN.UTF-8', 'GPG_AGENT_INFO': '/run/user/1000/gnupg/S.gpg-agent:0:1', 'GJS_DEBUG_OUTPUT': 'stderr', 'LC_IDENTIFICATION': 'zh_CN.UTF-8', 'VSCODE_GIT_ASKPASS_EXTRA_ARGS': '', 'QT_IM_MODULE': 'fcitx', 'PWD': '/home/phr/vscode_project/ros2_launch_testing_ws/build/my_testing', 'XDG_CONFIG_DIRS': '/etc/xdg/xdg-ubuntu:/etc/xdg', 'CLUTTER_IM_MODULE': 'fcitx', 'XDG_DATA_DIRS': '/usr/share/ubuntu:/usr/share/gnome:/usr/local/share/:/usr/share/:/var/lib/snapd/desktop', 'PYTHONPATH': '/home/phr/vscode_project/ros2_launch_testing_ws/install/my_testing/lib/python3.10/site-packages:/home/phr/vscode_project/ros2_launch_testing_ws/install/my_algorithms/lib/python3.10/site-packages:/home/phr/vscode_project/ros2_launch_testing_ws/install/my_interfaces/local/lib/python3.10/dist-packages:/opt/ros/humble/lib/python3.10/site-packages:/opt/ros/humble/local/lib/python3.10/dist-packages', 'LC_NUMERIC': 'zh_CN.UTF-8', 'LC_PAPER': 'zh_CN.UTF-8', 'COLCON': '1', 'CMAKE_PREFIX_PATH': '/home/phr/vscode_project/ros2_launch_testing_ws/install/my_interfaces', 'PYTHONDONTWRITEBYTECODE': '1', 'PYTEST_ADDOPTS': '--tb=short --junit-xml=/home/phr/vscode_project/ros2_launch_testing_ws/build/my_testing/pytest.xml --junit-prefix=my_testing -o cache_dir=/home/phr/vscode_project/ros2_launch_testing_ws/build/my_testing/.pytest_cache -s'}, 'shell': False}
[0.199465] (-) TimerEvent: {}
[0.299682] (-) TimerEvent: {}
[0.341538] (my_testing) StdoutLine: {'line': b'\x1b[1m============================= test session starts ==============================\x1b[0m\n'}
[0.341688] (my_testing) StdoutLine: {'line': b'platform linux -- Python 3.10.12, pytest-6.2.5, py-1.10.0, pluggy-0.13.0\n'}
[0.343617] (my_testing) StdoutLine: {'line': b'cachedir: /home/phr/vscode_project/ros2_launch_testing_ws/build/my_testing/.pytest_cache\n'}
[0.343680] (my_testing) StdoutLine: {'line': b'rootdir: /home/phr/vscode_project/ros2_launch_testing_ws/src/my_testing\n'}
[0.343724] (my_testing) StdoutLine: {'line': b'plugins: launch-testing-1.0.10, ament-lint-0.12.14, ament-copyright-0.12.14, ament-xmllint-0.12.14, launch-testing-ros-0.19.10, ament-pep257-0.12.14, ament-flake8-0.12.14, colcon-core-0.19.0, cov-3.0.0\n'}
[0.399771] (-) TimerEvent: {}
[0.406912] (my_testing) StdoutLine: {'line': b'\x1b[1mcollecting ... \x1b[0m\x1b[1m\n'}
[0.407018] (my_testing) StdoutLine: {'line': b'collected 1 item                                                               \x1b[0m\n'}
[0.407088] (my_testing) StdoutLine: {'line': b'\n'}
[0.414453] (my_testing) StdoutLine: {'line': b'test/test_processor_service.py [INFO] [launch]: All log files can be found below /home/phr/.ros/log/2025-08-07-13-56-04-001172-PHR-23800\n'}
[0.414552] (my_testing) StdoutLine: {'line': b'[INFO] [launch]: Default logging verbosity is set to INFO\n'}
[0.426088] (my_testing) StdoutLine: {'line': b'[INFO] [number_processor-1]: process started with pid [23807]\n'}
[0.499858] (-) TimerEvent: {}
[0.515611] (my_testing) StdoutLine: {'line': b'[number_processor-1] [INFO] [1754546164.109073334] [number_processor_service_node]: \xe6\x95\xb0\xe5\xad\x97\xe5\xa4\x84\xe7\x90\x86\xe6\x9c\x8d\xe5\x8a\xa1\xe8\x8a\x82\xe7\x82\xb9\xe5\xb7\xb2\xe5\x90\xaf\xe5\x8a\xa8\xef\xbc\x8c\xe7\xad\x89\xe5\xbe\x85\xe8\xaf\xb7\xe6\xb1\x82...\n'}
[0.599963] (-) TimerEvent: {}
[0.700210] (-) TimerEvent: {}
[0.701102] (my_testing) StderrLine: {'line': b'test_service (test_processor_service.TestProcessorService) ... \x1b[0m[INFO] [1754546164.294786215] [service_client_test_node]: \xe6\xad\xa3\xe5\x9c\xa8\xe5\x8f\x91\xe9\x80\x81\xe8\xaf\xb7\xe6\xb1\x82: 10...\x1b[0m\n'}
[0.701915] (my_testing) StdoutLine: {'line': b'[number_processor-1] [INFO] [1754546164.295444009] [number_processor_service_node]: \xe6\x94\xb6\xe5\x88\xb0\xe6\x9c\x8d\xe5\x8a\xa1\xe8\xaf\xb7\xe6\xb1\x82\xef\xbc\x8c\xe8\xbe\x93\xe5\x85\xa5\xe6\x95\xb0\xe5\xad\x97: 10\n'}
[0.702117] (my_testing) StdoutLine: {'line': b'[number_processor-1] [INFO] [1754546164.295713538] [number_processor_service_node]: \xe6\xad\xa3\xe5\x9c\xa8\xe8\xbf\x94\xe5\x9b\x9e\xe5\xa4\x84\xe7\x90\x86\xe7\xbb\x93\xe6\x9e\x9c: 30\n'}
[0.702574] (my_testing) StderrLine: {'line': b'\x1b[0m[INFO] [1754546164.296320276] [service_client_test_node]: \xe6\xb5\x8b\xe8\xaf\x95\xe7\x94\xa8\xe4\xbe\x8b\xe9\x80\x9a\xe8\xbf\x87: \xe8\xbe\x93\xe5\x85\xa5=10, \xe5\x93\x8d\xe5\xba\x94=30\x1b[0m\n'}
[0.702791] (my_testing) StderrLine: {'line': b'\x1b[0m[INFO] [1754546164.296542311] [service_client_test_node]: \xe6\xad\xa3\xe5\x9c\xa8\xe5\x8f\x91\xe9\x80\x81\xe8\xaf\xb7\xe6\xb1\x82: -5...\x1b[0m\n'}
[0.703197] (my_testing) StdoutLine: {'line': b'[number_processor-1] [INFO] [1754546164.296874771] [number_processor_service_node]: \xe6\x94\xb6\xe5\x88\xb0\xe6\x9c\x8d\xe5\x8a\xa1\xe8\xaf\xb7\xe6\xb1\x82\xef\xbc\x8c\xe8\xbe\x93\xe5\x85\xa5\xe6\x95\xb0\xe5\xad\x97: -5\n'}
[0.703437] (my_testing) StdoutLine: {'line': b'[number_processor-1] [INFO] [1754546164.297126490] [number_processor_service_node]: \xe6\xad\xa3\xe5\x9c\xa8\xe8\xbf\x94\xe5\x9b\x9e\xe5\xa4\x84\xe7\x90\x86\xe7\xbb\x93\xe6\x9e\x9c: -15\n'}
[0.703813] (my_testing) StderrLine: {'line': b'\x1b[0m[INFO] [1754546164.297561061] [service_client_test_node]: \xe6\xb5\x8b\xe8\xaf\x95\xe7\x94\xa8\xe4\xbe\x8b\xe9\x80\x9a\xe8\xbf\x87: \xe8\xbe\x93\xe5\x85\xa5=-5, \xe5\x93\x8d\xe5\xba\x94=-15\x1b[0m\n'}
[0.704023] (my_testing) StderrLine: {'line': b'\x1b[0m[INFO] [1754546164.297770036] [service_client_test_node]: \xe6\xad\xa3\xe5\x9c\xa8\xe5\x8f\x91\xe9\x80\x81\xe8\xaf\xb7\xe6\xb1\x82: 0...\x1b[0m\n'}
[0.704411] (my_testing) StdoutLine: {'line': b'[number_processor-1] [INFO] [1754546164.298091809] [number_processor_service_node]: \xe6\x94\xb6\xe5\x88\xb0\xe6\x9c\x8d\xe5\x8a\xa1\xe8\xaf\xb7\xe6\xb1\x82\xef\xbc\x8c\xe8\xbe\x93\xe5\x85\xa5\xe6\x95\xb0\xe5\xad\x97: 0\n'}
[0.706491] (my_testing) StderrLine: {'line': b'FAIL\n'}
[0.706675] (my_testing) StderrLine: {'line': b'\n'}
[0.706733] (my_testing) StderrLine: {'line': b'======================================================================\n'}
[0.706781] (my_testing) StderrLine: {'line': b'FAIL: test_service (test_processor_service.TestProcessorService)\n'}
[0.706826] (my_testing) StderrLine: {'line': b'----------------------------------------------------------------------\n'}
[0.706869] (my_testing) StderrLine: {'line': b'Traceback (most recent call last):\n'}
[0.706910] (my_testing) StderrLine: {'line': b'  File "/home/phr/vscode_project/ros2_launch_testing_ws/src/my_testing/test/test_processor_service.py", line 70, in test_service\n'}
[0.706953] (my_testing) StderrLine: {'line': b'    self.assertEqual(\n'}
[0.707005] (my_testing) StderrLine: {'line': b'AssertionError: 1 != 0 : \xe8\xbe\x93\xe5\x85\xa5 0 \xe6\x97\xb6\xef\xbc\x8c\xe5\x93\x8d\xe5\xba\x94\xe7\xbb\x93\xe6\x9e\x9c\xe4\xb8\x8d\xe6\xad\xa3\xe7\xa1\xae\xef\xbc\x81\n'}
[0.707056] (my_testing) StderrLine: {'line': b'\n'}
[0.707096] (my_testing) StderrLine: {'line': b'----------------------------------------------------------------------\n'}
[0.707136] (my_testing) StderrLine: {'line': b'Ran 1 test in 0.291s\n'}
[0.707181] (my_testing) StderrLine: {'line': b'\n'}
[0.707244] (my_testing) StderrLine: {'line': b'FAILED (failures=1)\n'}
[0.707293] (my_testing) StdoutLine: {'line': b"[INFO] [number_processor-1]: sending signal 'SIGINT' to process[number_processor-1]\n"}
[0.707410] (my_testing) StdoutLine: {'line': b'[number_processor-1] Traceback (most recent call last):\n'}
[0.707471] (my_testing) StdoutLine: {'line': b'[number_processor-1]   File "/home/phr/vscode_project/ros2_launch_testing_ws/install/my_algorithms/lib/my_algorithms/number_processor", line 33, in <module>\n'}
[0.707581] (my_testing) StdoutLine: {'line': b"[number_processor-1]     sys.exit(load_entry_point('my-algorithms==0.0.0', 'console_scripts', 'number_processor')())\n"}
[0.707652] (my_testing) StdoutLine: {'line': b'[number_processor-1]   File "/home/phr/vscode_project/ros2_launch_testing_ws/install/my_algorithms/lib/python3.10/site-packages/my_algorithms/number_processor_node.py", line 42, in main\n'}
[0.707722] (my_testing) StdoutLine: {'line': b'[number_processor-1]     rclpy.spin(node) \n'}
[0.707760] (my_testing) StdoutLine: {'line': b'[number_processor-1]   File "/opt/ros/humble/local/lib/python3.10/dist-packages/rclpy/__init__.py", line 229, in spin\n'}
[0.707794] (my_testing) StdoutLine: {'line': b'[number_processor-1]     executor.spin_once()\n'}
[0.707846] (my_testing) StdoutLine: {'line': b'[number_processor-1]   File "/opt/ros/humble/local/lib/python3.10/dist-packages/rclpy/executors.py", line 751, in spin_once\n'}
[0.707924] (my_testing) StdoutLine: {'line': b'[number_processor-1]     self._spin_once_impl(timeout_sec)\n'}
[0.707998] (my_testing) StdoutLine: {'line': b'[number_processor-1]   File "/opt/ros/humble/local/lib/python3.10/dist-packages/rclpy/executors.py", line 740, in _spin_once_impl\n'}
[0.708059] (my_testing) StdoutLine: {'line': b'[number_processor-1]     handler, entity, node = self.wait_for_ready_callbacks(timeout_sec=timeout_sec)\n'}
[0.708095] (my_testing) StdoutLine: {'line': b'[number_processor-1]   File "/opt/ros/humble/local/lib/python3.10/dist-packages/rclpy/executors.py", line 723, in wait_for_ready_callbacks\n'}
[0.708130] (my_testing) StdoutLine: {'line': b'[number_processor-1]     return next(self._cb_iter)\n'}
[0.708159] (my_testing) StdoutLine: {'line': b'[number_processor-1]   File "/opt/ros/humble/local/lib/python3.10/dist-packages/rclpy/executors.py", line 620, in _wait_for_ready_callbacks\n'}
[0.708717] (my_testing) StdoutLine: {'line': b'[number_processor-1]     wait_set.wait(timeout_nsec)\n'}
[0.708774] (my_testing) StdoutLine: {'line': b'[number_processor-1] KeyboardInterrupt\n'}
[0.720067] (my_testing) StdoutLine: {'line': b"[ERROR] [number_processor-1]: process has died [pid 23807, exit code -2, cmd '/home/phr/vscode_project/ros2_launch_testing_ws/install/my_algorithms/lib/my_algorithms/number_processor --ros-args -r __node:=number_processor_service_node'].\n"}
[0.720348] (my_testing) StderrLine: {'line': b'\n'}
[0.720396] (my_testing) StderrLine: {'line': b'----------------------------------------------------------------------\n'}
[0.720431] (my_testing) StderrLine: {'line': b'Ran 0 tests in 0.000s\n'}
[0.720463] (my_testing) StderrLine: {'line': b'\n'}
[0.720490] (my_testing) StderrLine: {'line': b'OK\n'}
[0.723999] (my_testing) StdoutLine: {'line': b'\x1b[31mF\x1b[0m\n'}
[0.724095] (my_testing) StdoutLine: {'line': b'\n'}
[0.724142] (my_testing) StdoutLine: {'line': b'=================================== FAILURES ===================================\n'}
[0.724189] (my_testing) StdoutLine: {'line': b'\x1b[31m\x1b[1m_____________________ launch tests: test_processor_service _____________________\x1b[0m\n'}
[0.724231] (my_testing) StdoutLine: {'line': b'\n'}
[0.724262] (my_testing) StdoutLine: {'line': b'================================================================================================================================\n'}
[0.724298] (my_testing) StdoutLine: {'line': b'FAIL: test_processor_service.TestProcessorService.test_service\n'}
[0.724326] (my_testing) StdoutLine: {'line': b'--------------------------------------------------------------------------------------------------------------------------------\n'}
[0.724356] (my_testing) StdoutLine: {'line': b'Traceback (most recent call last):\n'}
[0.724386] (my_testing) StdoutLine: {'line': b'  File "/home/phr/vscode_project/ros2_launch_testing_ws/src/my_testing/test/test_processor_service.py", line 70, in test_service\n'}
[0.724418] (my_testing) StdoutLine: {'line': b'    self.assertEqual(\n'}
[0.724448] (my_testing) StdoutLine: {'line': b'AssertionError: 1 != 0 : \xe8\xbe\x93\xe5\x85\xa5 0 \xe6\x97\xb6\xef\xbc\x8c\xe5\x93\x8d\xe5\xba\x94\xe7\xbb\x93\xe6\x9e\x9c\xe4\xb8\x8d\xe6\xad\xa3\xe7\xa1\xae\xef\xbc\x81\n'}
[0.724478] (my_testing) StdoutLine: {'line': b'- generated xml file: /home/phr/vscode_project/ros2_launch_testing_ws/build/my_testing/pytest.xml -\n'}
[0.724509] (my_testing) StdoutLine: {'line': b'=========================== short test summary info ============================\n'}
[0.724538] (my_testing) StdoutLine: {'line': b'FAILED test/test_processor_service.py::test_processor_service - test_processo...\n'}
[0.724567] (my_testing) StdoutLine: {'line': b'\x1b[31m============================== \x1b[31m\x1b[1m1 failed\x1b[0m\x1b[31m in 0.38s\x1b[0m\x1b[31m ===============================\x1b[0m\n'}
[0.800314] (-) TimerEvent: {}
[0.857380] (my_testing) CommandEnded: {'returncode': 1}
[0.857641] (my_testing) TestFailure: {'identifier': 'my_testing'}
[0.857660] (my_testing) JobEnded: {'identifier': 'my_testing', 'rc': 0}
[0.858038] (-) EventReactorShutdown: {}
