[0.167s] Invoking command in '/home/phr/vscode_project/ros2_launch_testing_ws/src/my_testing': PYTEST_ADDOPTS=--tb=short --junit-xml=/home/phr/vscode_project/ros2_launch_testing_ws/build/my_testing/pytest.xml --junit-prefix=my_testing -o cache_dir=/home/phr/vscode_project/ros2_launch_testing_ws/build/my_testing/.pytest_cache -s PYTHONDONTWRITEBYTECODE=1 /usr/bin/python3 -m pytest
[0.354s] [1m============================= test session starts ==============================[0m
[0.354s] platform linux -- Python 3.10.12, pytest-6.2.5, py-1.10.0, pluggy-0.13.0
[0.356s] cachedir: /home/phr/vscode_project/ros2_launch_testing_ws/build/my_testing/.pytest_cache
[0.356s] rootdir: /home/phr/vscode_project/ros2_launch_testing_ws/src/my_testing
[0.356s] plugins: launch-testing-1.0.10, ament-lint-0.12.14, ament-copyright-0.12.14, ament-xmllint-0.12.14, launch-testing-ros-0.19.10, ament-pep257-0.12.14, ament-flake8-0.12.14, colcon-core-0.19.0, cov-3.0.0
[0.424s] [1mcollecting ... [0m[1m
[0.424s] collected 1 item                                                               [0m
[0.424s] 
[0.432s] test/test_processor_service.py [INFO] [launch]: All log files can be found below /home/phr/.ros/log/2025-08-07-12-21-20-574724-PHR-14799
[0.432s] [INFO] [launch]: Default logging verbosity is set to INFO
[0.441s] [INFO] [number_processor-1]: process started with pid [14813]
[0.536s] [number_processor-1] [INFO] [1754540480.686322365] [number_processor_service_node]: æ•°å­—å¤„ç†æœåŠ¡èŠ‚ç‚¹å·²å¯åŠ¨ï¼Œç­‰å¾…è¯·æ±‚...
[0.716s] test_service (test_processor_service.TestProcessorService) ... [0m[INFO] [1754540480.866227504] [service_client_test_node]: æ­£åœ¨å‘é€è¯·æ±‚: 10...[0m
[0.717s] [number_processor-1] [INFO] [1754540480.867012323] [number_processor_service_node]: æ”¶åˆ°æœåŠ¡è¯·æ±‚ï¼Œè¾“å…¥æ•°å­—: 10
[0.717s] [number_processor-1] [INFO] [1754540480.867286594] [number_processor_service_node]: æ­£åœ¨è¿”å›å¤„ç†ç»“æœ: 30
[0.718s] [0m[INFO] [1754540480.867946744] [service_client_test_node]: æµ‹è¯•ç”¨ä¾‹é€šè¿‡: è¾“å…¥=10, å“åº”=30[0m
[0.718s] [0m[INFO] [1754540480.868207954] [service_client_test_node]: æ­£åœ¨å‘é€è¯·æ±‚: -5...[0m
[0.718s] [number_processor-1] [INFO] [1754540480.868614018] [number_processor_service_node]: æ”¶åˆ°æœåŠ¡è¯·æ±‚ï¼Œè¾“å…¥æ•°å­—: -5
[0.719s] [number_processor-1] [INFO] [1754540480.868878790] [number_processor_service_node]: æ­£åœ¨è¿”å›å¤„ç†ç»“æœ: -15
[0.719s] [0m[INFO] [1754540480.869383401] [service_client_test_node]: æµ‹è¯•ç”¨ä¾‹é€šè¿‡: è¾“å…¥=-5, å“åº”=-15[0m
[0.719s] [0m[INFO] [1754540480.869633926] [service_client_test_node]: æ­£åœ¨å‘é€è¯·æ±‚: 0...[0m
[0.720s] [number_processor-1] [INFO] [1754540480.870026929] [number_processor_service_node]: æ”¶åˆ°æœåŠ¡è¯·æ±‚ï¼Œè¾“å…¥æ•°å­—: 0
[0.720s] [number_processor-1] [INFO] [1754540480.870281015] [number_processor_service_node]: æ­£åœ¨è¿”å›å¤„ç†ç»“æœ: 0
[0.720s] [0m[INFO] [1754540480.870739321] [service_client_test_node]: æµ‹è¯•ç”¨ä¾‹é€šè¿‡: è¾“å…¥=0, å“åº”=0[0m
[0.721s] [0m[INFO] [1754540480.870995782] [service_client_test_node]: æ­£åœ¨å‘é€è¯·æ±‚: 1...[0m
[0.721s] [number_processor-1] [INFO] [1754540480.871385223] [number_processor_service_node]: æ”¶åˆ°æœåŠ¡è¯·æ±‚ï¼Œè¾“å…¥æ•°å­—: 1
[0.721s] [number_processor-1] [INFO] [1754540480.871651183] [number_processor_service_node]: æ­£åœ¨è¿”å›å¤„ç†ç»“æœ: 3
[0.722s] [0m[INFO] [1754540480.872276901] [service_client_test_node]: æµ‹è¯•ç”¨ä¾‹é€šè¿‡: è¾“å…¥=1, å“åº”=3[0m
[0.722s] [0m[INFO] [1754540480.872530987] [service_client_test_node]: æ­£åœ¨å‘é€è¯·æ±‚: 100...[0m
[0.723s] [number_processor-1] [INFO] [1754540480.873048659] [number_processor_service_node]: æ”¶åˆ°æœåŠ¡è¯·æ±‚ï¼Œè¾“å…¥æ•°å­—: 100
[0.723s] [number_processor-1] [INFO] [1754540480.873292060] [number_processor_service_node]: æ­£åœ¨è¿”å›å¤„ç†ç»“æœ: 300
[0.724s] [0m[INFO] [1754540480.873933212] [service_client_test_node]: æµ‹è¯•ç”¨ä¾‹é€šè¿‡: è¾“å…¥=100, å“åº”=300[0m
[0.726s] ok
[0.726s] 
[0.726s] ----------------------------------------------------------------------
[0.726s] Ran 1 test in 0.293s
[0.726s] 
[0.726s] OK
[0.726s] [INFO] [number_processor-1]: sending signal 'SIGINT' to process[number_processor-1]
[0.727s] [number_processor-1] Traceback (most recent call last):
[0.727s] [number_processor-1]   File "/home/phr/vscode_project/ros2_launch_testing_ws/install/my_algorithms/lib/my_algorithms/number_processor", line 33, in <module>
[0.727s] [number_processor-1]     sys.exit(load_entry_point('my-algorithms==0.0.0', 'console_scripts', 'number_processor')())
[0.727s] [number_processor-1]   File "/home/phr/vscode_project/ros2_launch_testing_ws/install/my_algorithms/lib/python3.10/site-packages/my_algorithms/number_processor_node.py", line 38, in main
[0.727s] [number_processor-1]     rclpy.spin(node) 
[0.727s] [number_processor-1]   File "/opt/ros/humble/local/lib/python3.10/dist-packages/rclpy/__init__.py", line 229, in spin
[0.727s] [number_processor-1]     executor.spin_once()
[0.727s] [number_processor-1]   File "/opt/ros/humble/local/lib/python3.10/dist-packages/rclpy/executors.py", line 751, in spin_once
[0.727s] [number_processor-1]     self._spin_once_impl(timeout_sec)
[0.727s] [number_processor-1]   File "/opt/ros/humble/local/lib/python3.10/dist-packages/rclpy/executors.py", line 740, in _spin_once_impl
[0.727s] [number_processor-1]     handler, entity, node = self.wait_for_ready_callbacks(timeout_sec=timeout_sec)
[0.727s] [number_processor-1]   File "/opt/ros/humble/local/lib/python3.10/dist-packages/rclpy/executors.py", line 723, in wait_for_ready_callbacks
[0.727s] [number_processor-1]     return next(self._cb_iter)
[0.728s] [number_processor-1]   File "/opt/ros/humble/local/lib/python3.10/dist-packages/rclpy/executors.py", line 620, in _wait_for_ready_callbacks
[0.728s] [number_processor-1]     wait_set.wait(timeout_nsec)
[0.728s] [number_processor-1] KeyboardInterrupt
[0.741s] [ERROR] [number_processor-1]: process has died [pid 14813, exit code -2, cmd '/home/phr/vscode_project/ros2_launch_testing_ws/install/my_algorithms/lib/my_algorithms/number_processor --ros-args -r __node:=number_processor_service_node'].
[0.741s] 
[0.742s] ----------------------------------------------------------------------
[0.742s] Ran 0 tests in 0.000s
[0.742s] 
[0.742s] OK
[0.746s] [32m.[0m
[0.746s] 
[0.746s] - generated xml file: /home/phr/vscode_project/ros2_launch_testing_ws/build/my_testing/pytest.xml -
[0.746s] [32m============================== [32m[1m1 passed[0m[32m in 0.39s[0m[32m ===============================[0m
[0.880s] Invoked command in '/home/phr/vscode_project/ros2_launch_testing_ws/src/my_testing' returned '0': PYTEST_ADDOPTS=--tb=short --junit-xml=/home/phr/vscode_project/ros2_launch_testing_ws/build/my_testing/pytest.xml --junit-prefix=my_testing -o cache_dir=/home/phr/vscode_project/ros2_launch_testing_ws/build/my_testing/.pytest_cache -s PYTHONDONTWRITEBYTECODE=1 /usr/bin/python3 -m pytest
