[0.000000] (-) TimerEvent: {}
[0.000431] (my_testing) JobQueued: {'identifier': 'my_testing', 'dependencies': OrderedDict([('my_interfaces', '/home/phr/vscode_project/ros2_launch_testing_ws/install/my_interfaces'), ('my_algorithms', '/home/phr/vscode_project/ros2_launch_testing_ws/install/my_algorithms'), ('my_testing', '/home/phr/vscode_project/ros2_launch_testing_ws/install/my_testing')])}
[0.000465] (my_testing) JobStarted: {'identifier': 'my_testing'}
[0.099843] (-) TimerEvent: {}
[0.121827] (my_testing) Command: {'cmd': ['/usr/bin/python3', '-m', 'pytest'], 'cwd': '/home/phr/vscode_project/ros2_launch_testing_ws/src/my_testing', 'env': {'LESSOPEN': '| /usr/bin/lesspipe %s', 'HTTPS_PROXY': 'http://127.0.0.1:7897/', 'no_proxy': 'localhost,127.0.0.1,192.168.0.0/16,10.0.0.0/8,172.16.0.0/12,::1', 'LANGUAGE': 'zh_CN:zh', 'USER': 'phr', 'all_proxy': 'socks://127.0.0.1:7897/', 'XDG_SESSION_TYPE': 'x11', 'GIT_ASKPASS': '/usr/share/code/resources/app/extensions/git/dist/askpass.sh', 'SHLVL': '2', 'LD_LIBRARY_PATH': '/home/phr/vscode_project/ros2_launch_testing_ws/install/my_interfaces/lib:/opt/ros/humble/opt/rviz_ogre_vendor/lib:/opt/ros/humble/lib/x86_64-linux-gnu:/opt/ros/humble/lib', 'HOME': '/home/phr', 'CHROME_DESKTOP': 'code.desktop', 'TERM_PROGRAM_VERSION': '1.102.2', 'DESKTOP_SESSION': 'ubuntu', 'NO_PROXY': 'localhost,127.0.0.1,192.168.0.0/16,10.0.0.0/8,172.16.0.0/12,::1', 'ROS_PYTHON_VERSION': '3', 'GNOME_SHELL_SESSION_MODE': 'ubuntu', 'GTK_MODULES': 'gail:atk-bridge', 'VSCODE_GIT_ASKPASS_MAIN': '/usr/share/code/resources/app/extensions/git/dist/askpass-main.js', 'VSCODE_GIT_ASKPASS_NODE': '/usr/share/code/code', 'PYDEVD_DISABLE_FILE_VALIDATION': '1', 'DBUS_STARTER_BUS_TYPE': 'session', 'SYSTEMD_EXEC_PID': '3581', 'BUNDLED_DEBUGPY_PATH': '/home/phr/.vscode/extensions/ms-python.debugpy-2025.10.0-linux-x64/bundled/libs/debugpy', 'DBUS_SESSION_BUS_ADDRESS': 'unix:path=/run/user/1000/bus,guid=d19e3bad55dd89a86e0afaef689167f4', 'COLORTERM': 'truecolor', 'https_proxy': 'http://127.0.0.1:7897/', 'COLCON_PREFIX_PATH': '/home/phr/vscode_project/ros2_launch_testing_ws/install', 'ROS_DISTRO': 'humble', 'GTK_IM_MODULE': 'ibus', 'LOGNAME': 'phr', 'ALL_PROXY': 'socks://127.0.0.1:7897/', 'http_proxy': 'http://127.0.0.1:7897/', '_': '/usr/bin/colcon', 'ROS_VERSION': '2', 'XDG_SESSION_CLASS': 'user', 'USERNAME': 'phr', 'TERM': 'xterm-256color', 'GNOME_DESKTOP_SESSION_ID': 'this-is-deprecated', 'ROS_LOCALHOST_ONLY': '0', 'WINDOWPATH': '2', 'PATH': '/opt/ros/humble/bin:/usr/local/sbin:/usr/local/bin:/usr/sbin:/usr/bin:/sbin:/bin:/usr/games:/usr/local/games:/snap/bin:/snap/bin:/home/phr/.vscode/extensions/ms-python.debugpy-2025.10.0-linux-x64/bundled/scripts/noConfigScripts:/home/phr/.config/Code/User/globalStorage/github.copilot-chat/debugCommand', 'SESSION_MANAGER': 'local/PHR:@/tmp/.ICE-unix/3581,unix/PHR:/tmp/.ICE-unix/3581', 'XDG_MENU_PREFIX': 'gnome-', 'GNOME_TERMINAL_SCREEN': '/org/gnome/Terminal/screen/1940d91a_189f_43fa_94e8_8d072caef7c4', 'XDG_RUNTIME_DIR': '/run/user/1000', 'GDK_BACKEND': 'x11', 'DISPLAY': ':1', 'VSCODE_DEBUGPY_ADAPTER_ENDPOINTS': '/home/phr/.vscode/extensions/ms-python.debugpy-2025.10.0-linux-x64/.noConfigDebugAdapterEndpoints/endpoint-34aef6fe3a9e5cf6.txt', 'LANG': 'zh_CN.UTF-8', 'XDG_CURRENT_DESKTOP': 'Unity', 'XMODIFIERS': '@im=ibus', 'XDG_SESSION_DESKTOP': 'ubuntu', 'XAUTHORITY': '/run/user/1000/gdm/Xauthority', 'LS_COLORS': 'rs=0:di=01;34:ln=01;36:mh=00:pi=40;33:so=01;35:do=01;35:bd=40;33;01:cd=40;33;01:or=40;31;01:mi=00:su=37;41:sg=30;43:ca=30;41:tw=30;42:ow=34;42:st=37;44:ex=01;32:*.tar=01;31:*.tgz=01;31:*.arc=01;31:*.arj=01;31:*.taz=01;31:*.lha=01;31:*.lz4=01;31:*.lzh=01;31:*.lzma=01;31:*.tlz=01;31:*.txz=01;31:*.tzo=01;31:*.t7z=01;31:*.zip=01;31:*.z=01;31:*.dz=01;31:*.gz=01;31:*.lrz=01;31:*.lz=01;31:*.lzo=01;31:*.xz=01;31:*.zst=01;31:*.tzst=01;31:*.bz2=01;31:*.bz=01;31:*.tbz=01;31:*.tbz2=01;31:*.tz=01;31:*.deb=01;31:*.rpm=01;31:*.jar=01;31:*.war=01;31:*.ear=01;31:*.sar=01;31:*.rar=01;31:*.alz=01;31:*.ace=01;31:*.zoo=01;31:*.cpio=01;31:*.7z=01;31:*.rz=01;31:*.cab=01;31:*.wim=01;31:*.swm=01;31:*.dwm=01;31:*.esd=01;31:*.jpg=01;35:*.jpeg=01;35:*.mjpg=01;35:*.mjpeg=01;35:*.gif=01;35:*.bmp=01;35:*.pbm=01;35:*.pgm=01;35:*.ppm=01;35:*.tga=01;35:*.xbm=01;35:*.xpm=01;35:*.tif=01;35:*.tiff=01;35:*.png=01;35:*.svg=01;35:*.svgz=01;35:*.mng=01;35:*.pcx=01;35:*.mov=01;35:*.mpg=01;35:*.mpeg=01;35:*.m2v=01;35:*.mkv=01;35:*.webm=01;35:*.webp=01;35:*.ogm=01;35:*.mp4=01;35:*.m4v=01;35:*.mp4v=01;35:*.vob=01;35:*.qt=01;35:*.nuv=01;35:*.wmv=01;35:*.asf=01;35:*.rm=01;35:*.rmvb=01;35:*.flc=01;35:*.avi=01;35:*.fli=01;35:*.flv=01;35:*.gl=01;35:*.dl=01;35:*.xcf=01;35:*.xwd=01;35:*.yuv=01;35:*.cgm=01;35:*.emf=01;35:*.ogv=01;35:*.ogx=01;35:*.aac=00;36:*.au=00;36:*.flac=00;36:*.m4a=00;36:*.mid=00;36:*.midi=00;36:*.mka=00;36:*.mp3=00;36:*.mpc=00;36:*.ogg=00;36:*.ra=00;36:*.wav=00;36:*.oga=00;36:*.opus=00;36:*.spx=00;36:*.xspf=00;36:', 'VSCODE_GIT_IPC_HANDLE': '/run/user/1000/vscode-git-02258c1e82.sock', 'GNOME_TERMINAL_SERVICE': ':1.224', 'TERM_PROGRAM': 'vscode', 'SSH_AGENT_LAUNCHER': 'gnome-keyring', 'ROSDISTRO_INDEX_URL': 'https://mirrors.tuna.tsinghua.edu.cn/rosdistro/index-v4.yaml', 'SSH_AUTH_SOCK': '/run/user/1000/keyring/ssh', 'AMENT_PREFIX_PATH': '/home/phr/vscode_project/ros2_launch_testing_ws/install/my_testing:/home/phr/vscode_project/ros2_launch_testing_ws/install/my_algorithms:/home/phr/vscode_project/ros2_launch_testing_ws/install/my_interfaces:/opt/ros/humble', 'ORIGINAL_XDG_CURRENT_DESKTOP': 'ubuntu:GNOME', 'SHELL': '/bin/bash', 'QT_ACCESSIBILITY': '1', 'GDMSESSION': 'ubuntu', 'LESSCLOSE': '/usr/bin/lesspipe %s %s', 'GPG_AGENT_INFO': '/run/user/1000/gnupg/S.gpg-agent:0:1', 'VSCODE_GIT_ASKPASS_EXTRA_ARGS': '', 'QT_IM_MODULE': 'ibus', 'PWD': '/home/phr/vscode_project/ros2_launch_testing_ws/build/my_testing', 'XDG_CONFIG_DIRS': '/etc/xdg/xdg-ubuntu:/etc/xdg', 'DBUS_STARTER_ADDRESS': 'unix:path=/run/user/1000/bus,guid=d19e3bad55dd89a86e0afaef689167f4', 'XDG_DATA_DIRS': '/usr/share/ubuntu:/usr/share/gnome:/usr/local/share/:/usr/share/:/var/lib/snapd/desktop', 'PYTHONPATH': '/home/phr/vscode_project/ros2_launch_testing_ws/install/my_testing/lib/python3.10/site-packages:/home/phr/vscode_project/ros2_launch_testing_ws/install/my_algorithms/lib/python3.10/site-packages:/home/phr/vscode_project/ros2_launch_testing_ws/install/my_interfaces/local/lib/python3.10/dist-packages:/opt/ros/humble/lib/python3.10/site-packages:/opt/ros/humble/local/lib/python3.10/dist-packages', 'HTTP_PROXY': 'http://127.0.0.1:7897/', 'COLCON': '1', 'VTE_VERSION': '6800', 'CMAKE_PREFIX_PATH': '/home/phr/vscode_project/ros2_launch_testing_ws/install/my_interfaces', 'PYTHONDONTWRITEBYTECODE': '1', 'PYTEST_ADDOPTS': '--tb=short --junit-xml=/home/phr/vscode_project/ros2_launch_testing_ws/build/my_testing/pytest.xml --junit-prefix=my_testing -o cache_dir=/home/phr/vscode_project/ros2_launch_testing_ws/build/my_testing/.pytest_cache'}, 'shell': False}
[0.199953] (-) TimerEvent: {}
[0.259219] (my_testing) StdoutLine: {'line': b'\x1b[1m============================= test session starts ==============================\x1b[0m\n'}
[0.259374] (my_testing) StdoutLine: {'line': b'platform linux -- Python 3.10.12, pytest-6.2.5, py-1.10.0, pluggy-0.13.0\n'}
[0.261199] (my_testing) StdoutLine: {'line': b'cachedir: /home/phr/vscode_project/ros2_launch_testing_ws/build/my_testing/.pytest_cache\n'}
[0.261248] (my_testing) StdoutLine: {'line': b'rootdir: /home/phr/vscode_project/ros2_launch_testing_ws/src/my_testing\n'}
[0.261291] (my_testing) StdoutLine: {'line': b'plugins: launch-testing-1.0.10, ament-lint-0.12.14, ament-copyright-0.12.14, ament-xmllint-0.12.14, launch-testing-ros-0.19.10, ament-pep257-0.12.14, ament-flake8-0.12.14, colcon-core-0.19.0, cov-3.0.0\n'}
[0.300045] (-) TimerEvent: {}
[0.323560] (my_testing) StdoutLine: {'line': b'\x1b[1mcollecting ... \x1b[0m\x1b[1m\n'}
[0.323694] (my_testing) StdoutLine: {'line': b'collected 1 item                                                               \x1b[0m\n'}
[0.323770] (my_testing) StdoutLine: {'line': b'\n'}
[0.400132] (-) TimerEvent: {}
[0.500343] (-) TimerEvent: {}
[0.600576] (-) TimerEvent: {}
[0.700819] (-) TimerEvent: {}
[0.801048] (-) TimerEvent: {}
[0.901238] (-) TimerEvent: {}
[1.001434] (-) TimerEvent: {}
[1.101620] (-) TimerEvent: {}
[1.201819] (-) TimerEvent: {}
[1.302033] (-) TimerEvent: {}
[1.402232] (-) TimerEvent: {}
[1.502468] (-) TimerEvent: {}
[1.602735] (-) TimerEvent: {}
[1.703030] (-) TimerEvent: {}
[1.803306] (-) TimerEvent: {}
[1.903553] (-) TimerEvent: {}
[2.003803] (-) TimerEvent: {}
[2.104107] (-) TimerEvent: {}
[2.204419] (-) TimerEvent: {}
[2.304679] (-) TimerEvent: {}
[2.404943] (-) TimerEvent: {}
[2.505189] (-) TimerEvent: {}
[2.605443] (-) TimerEvent: {}
[2.705691] (-) TimerEvent: {}
[2.805962] (-) TimerEvent: {}
[2.906218] (-) TimerEvent: {}
[3.006523] (-) TimerEvent: {}
[3.106826] (-) TimerEvent: {}
[3.207121] (-) TimerEvent: {}
[3.307420] (-) TimerEvent: {}
[3.407677] (-) TimerEvent: {}
[3.508027] (-) TimerEvent: {}
[3.608328] (-) TimerEvent: {}
[3.708615] (-) TimerEvent: {}
[3.808873] (-) TimerEvent: {}
[3.909167] (-) TimerEvent: {}
[4.009490] (-) TimerEvent: {}
[4.109762] (-) TimerEvent: {}
[4.210047] (-) TimerEvent: {}
[4.310319] (-) TimerEvent: {}
[4.410577] (-) TimerEvent: {}
[4.510843] (-) TimerEvent: {}
[4.611155] (-) TimerEvent: {}
[4.711434] (-) TimerEvent: {}
[4.811722] (-) TimerEvent: {}
[4.912052] (-) TimerEvent: {}
[5.012355] (-) TimerEvent: {}
[5.112601] (-) TimerEvent: {}
[5.212846] (-) TimerEvent: {}
[5.313150] (-) TimerEvent: {}
[5.413438] (-) TimerEvent: {}
[5.501174] (my_testing) StdoutLine: {'line': b'test/test_integration.py \x1b[31mF\x1b[0m\x1b[31m                                               [100%]\x1b[0m\n'}
[5.502002] (my_testing) StdoutLine: {'line': b'\n'}
[5.502123] (my_testing) StdoutLine: {'line': b'=================================== FAILURES ===================================\n'}
[5.502212] (my_testing) StdoutLine: {'line': b'\x1b[31m\x1b[1m________________________ launch tests: test_integration ________________________\x1b[0m\n'}
[5.502299] (my_testing) StdoutLine: {'line': b'\n'}
[5.502378] (my_testing) StdoutLine: {'line': b'==========================================================================================================================================\n'}
[5.502456] (my_testing) StdoutLine: {'line': b'FAIL: test_integration.TestIntegration.test_communication_and_logic\n'}
[5.502532] (my_testing) StdoutLine: {'line': b'------------------------------------------------------------------------------------------------------------------------------------------\n'}
[5.502608] (my_testing) StdoutLine: {'line': b'Traceback (most recent call last):\n'}
[5.502681] (my_testing) StdoutLine: {'line': b'  File "/home/phr/vscode_project/ros2_launch_testing_ws/src/my_testing/test/test_integration.py", line 84, in test_communication_and_logic\n'}
[5.502759] (my_testing) StdoutLine: {'line': b'    self.assertEqual(sorted(self.received_messages), sorted(expected_results))\n'}
[5.502836] (my_testing) StdoutLine: {'line': b'AssertionError: Lists differ: [3, 6, 9] != [2, 4, 6]\n'}
[5.502922] (my_testing) StdoutLine: {'line': b'\n'}
[5.503004] (my_testing) StdoutLine: {'line': b'First differing element 0:\n'}
[5.503080] (my_testing) StdoutLine: {'line': b'3\n'}
[5.503164] (my_testing) StdoutLine: {'line': b'2\n'}
[5.503244] (my_testing) StdoutLine: {'line': b'\n'}
[5.503320] (my_testing) StdoutLine: {'line': b'- [3, 6, 9]\n'}
[5.503393] (my_testing) StdoutLine: {'line': b'+ [2, 4, 6]\n'}
[5.503469] (my_testing) StdoutLine: {'line': b'\n'}
[5.503542] (my_testing) StdoutLine: {'line': b'\n'}
[5.503616] (my_testing) StdoutLine: {'line': b'==========================================================================================================================================\n'}
[5.503693] (my_testing) StdoutLine: {'line': b'FAIL: test_integration.TestIntegration.test_processor_starts_ok\n'}
[5.503767] (my_testing) StdoutLine: {'line': b'------------------------------------------------------------------------------------------------------------------------------------------\n'}
[5.503841] (my_testing) StdoutLine: {'line': b'Traceback (most recent call last):\n'}
[5.503982] (my_testing) StdoutLine: {'line': b'  File "/home/phr/vscode_project/ros2_launch_testing_ws/src/my_testing/test/test_integration.py", line 65, in test_processor_starts_ok\n'}
[5.504163] (my_testing) StdoutLine: {'line': b"    proc_output.assertWaitFor('\xe6\x95\xb0\xe5\xad\x97\xe5\xa4\x84\xe7\x90\x86\xe8\x8a\x82\xe7\x82\xb9\xe5\xb7\xb2\xe5\x90\xaf\xe5\x8a\xa8\xef\xbc\x8c\xe7\xad\x89\xe5\xbe\x85\xe6\x8e\xa5\xe6\x94\xb6\xe6\x95\xb0\xe5\xad\x97...',process='number_processor',stream='stdout',timeout=1)\n"}
[5.504267] (my_testing) StdoutLine: {'line': b'  File "/opt/ros/humble/lib/python3.10/site-packages/launch_testing/io_handler.py", line 146, in assertWaitFor\n'}
[5.504352] (my_testing) StdoutLine: {'line': b"    assert success, 'Waiting for output timed out'\n"}
[5.504435] (my_testing) StdoutLine: {'line': b'AssertionError: Waiting for output timed out\n'}
[5.504513] (my_testing) StdoutLine: {'line': b'\n'}
[5.504589] (my_testing) StdoutLine: {'line': b'\n'}
[5.504664] (my_testing) StdoutLine: {'line': b'==========================================================================================================================================\n'}
[5.504738] (my_testing) StdoutLine: {'line': b'FAIL: test_integration.TestIntegration.test_publisher_starts_ok\n'}
[5.504813] (my_testing) StdoutLine: {'line': b'------------------------------------------------------------------------------------------------------------------------------------------\n'}
[5.504895] (my_testing) StdoutLine: {'line': b'Traceback (most recent call last):\n'}
[5.504991] (my_testing) StdoutLine: {'line': b'  File "/home/phr/vscode_project/ros2_launch_testing_ws/src/my_testing/test/test_integration.py", line 59, in test_publisher_starts_ok\n'}
[5.505068] (my_testing) StdoutLine: {'line': b"    proc_output.assertWaitFor('\xe6\x95\xb0\xe5\xad\x97\xe5\x8f\x91\xe5\xb8\x83\xe8\x8a\x82\xe7\x82\xb9\xe5\xb7\xb2\xe5\x90\xaf\xe5\x8a\xa8\xef\xbc\x8c\xe5\xb0\x86\xe4\xbb\x8e1\xe5\xbc\x80\xe5\xa7\x8b\xe5\x8f\x91\xe5\xb8\x83...',process='number_publisher',stream='stdout',timeout=1)\n"}
[5.505144] (my_testing) StdoutLine: {'line': b'  File "/opt/ros/humble/lib/python3.10/site-packages/launch_testing/io_handler.py", line 146, in assertWaitFor\n'}
[5.505219] (my_testing) StdoutLine: {'line': b"    assert success, 'Waiting for output timed out'\n"}
[5.505302] (my_testing) StdoutLine: {'line': b'AssertionError: Waiting for output timed out\n'}
[5.505372] (my_testing) StdoutLine: {'line': b'----------------------------- Captured stdout call -----------------------------\n'}
[5.505443] (my_testing) StdoutLine: {'line': b'[INFO] [launch]: All log files can be found below /home/phr/.ros/log/2025-08-05-22-44-24-942848-PHR-54581\n'}
[5.505516] (my_testing) StdoutLine: {'line': b'[INFO] [launch]: Default logging verbosity is set to INFO\n'}
[5.505586] (my_testing) StdoutLine: {'line': b'[INFO] [number_publisher-1]: process started with pid [54595]\n'}
[5.505655] (my_testing) StdoutLine: {'line': b'[INFO] [number_processor-2]: process started with pid [54597]\n'}
[5.505725] (my_testing) StdoutLine: {'line': b'[number_publisher-1] [INFO] [1754405065.055783722] [number_publisher]: \xe6\x95\xb0\xe5\xad\x97\xe5\x8f\x91\xe5\xb8\x83\xe8\x8a\x82\xe7\x82\xb9\xe5\xb7\xb2\xe5\x90\xaf\xe5\x8a\xa8\xef\xbc\x8c\xe5\xb0\x86\xe4\xbb\x8e1\xe5\xbc\x80\xe5\xa7\x8b\xe5\x8f\x91\xe5\xb8\x83...\n'}
[5.505798] (my_testing) StdoutLine: {'line': b'[number_processor-2] [INFO] [1754405065.056162476] [number_processor]: \xe6\x95\xb0\xe5\xad\x97\xe5\xa4\x84\xe7\x90\x86\xe8\x8a\x82\xe7\x82\xb9\xe5\xb7\xb2\xe5\x90\xaf\xe5\x8a\xa8\xef\xbc\x8c\xe7\xad\x89\xe5\xbe\x85\xe6\x8e\xa5\xe6\x94\xb6\xe6\x95\xb0\xe5\xad\x97...\n'}
[5.505894] (my_testing) StdoutLine: {'line': b'[number_publisher-1] [INFO] [1754405066.050963072] [number_publisher]: \xe5\x8f\x91\xe5\xb8\x83: 1\n'}
[5.505994] (my_testing) StdoutLine: {'line': b'[number_processor-2] [INFO] [1754405066.051263464] [number_processor]: \xe6\x94\xb6\xe5\x88\xb0: 1\n'}
[5.506081] (my_testing) StdoutLine: {'line': b'[number_processor-2] [INFO] [1754405066.051815567] [number_processor]: \xe5\x8f\x91\xe5\xb8\x83\xe5\xa4\x84\xe7\x90\x86\xe5\x90\x8e\xe7\xbb\x93\xe6\x9e\x9c: 3\n'}
[5.506157] (my_testing) StdoutLine: {'line': b'[number_publisher-1] [INFO] [1754405067.051053178] [number_publisher]: \xe5\x8f\x91\xe5\xb8\x83: 2\n'}
[5.506229] (my_testing) StdoutLine: {'line': b'[number_processor-2] [INFO] [1754405067.051298953] [number_processor]: \xe6\x94\xb6\xe5\x88\xb0: 2\n'}
[5.506300] (my_testing) StdoutLine: {'line': b'[number_processor-2] [INFO] [1754405067.051890238] [number_processor]: \xe5\x8f\x91\xe5\xb8\x83\xe5\xa4\x84\xe7\x90\x86\xe5\x90\x8e\xe7\xbb\x93\xe6\x9e\x9c: 6\n'}
[5.506369] (my_testing) StdoutLine: {'line': b'[number_publisher-1] [INFO] [1754405068.050973504] [number_publisher]: \xe5\x8f\x91\xe5\xb8\x83: 3\n'}
[5.506437] (my_testing) StdoutLine: {'line': b'[number_processor-2] [INFO] [1754405068.051232339] [number_processor]: \xe6\x94\xb6\xe5\x88\xb0: 3\n'}
[5.506503] (my_testing) StdoutLine: {'line': b'[number_processor-2] [INFO] [1754405068.051894863] [number_processor]: \xe5\x8f\x91\xe5\xb8\x83\xe5\xa4\x84\xe7\x90\x86\xe5\x90\x8e\xe7\xbb\x93\xe6\x9e\x9c: 9\n'}
[5.506575] (my_testing) StdoutLine: {'line': b'[number_publisher-1] [INFO] [1754405069.050994758] [number_publisher]: \xe5\x8f\x91\xe5\xb8\x83: 4\n'}
[5.506640] (my_testing) StdoutLine: {'line': b'[number_processor-2] [INFO] [1754405069.051236971] [number_processor]: \xe6\x94\xb6\xe5\x88\xb0: 4\n'}
[5.506715] (my_testing) StdoutLine: {'line': b'[number_processor-2] [INFO] [1754405069.051846066] [number_processor]: \xe5\x8f\x91\xe5\xb8\x83\xe5\xa4\x84\xe7\x90\x86\xe5\x90\x8e\xe7\xbb\x93\xe6\x9e\x9c: 12\n'}
[5.506790] (my_testing) StdoutLine: {'line': b'[number_publisher-1] [INFO] [1754405070.050972089] [number_publisher]: \xe5\x8f\x91\xe5\xb8\x83: 5\n'}
[5.506858] (my_testing) StdoutLine: {'line': b'[number_processor-2] [INFO] [1754405070.051243985] [number_processor]: \xe6\x94\xb6\xe5\x88\xb0: 5\n'}
[5.506940] (my_testing) StdoutLine: {'line': b'[number_processor-2] [INFO] [1754405070.051892260] [number_processor]: \xe5\x8f\x91\xe5\xb8\x83\xe5\xa4\x84\xe7\x90\x86\xe5\x90\x8e\xe7\xbb\x93\xe6\x9e\x9c: 15\n'}
[5.507015] (my_testing) StdoutLine: {'line': b"[INFO] [number_processor-2]: sending signal 'SIGINT' to process[number_processor-2]\n"}
[5.507084] (my_testing) StdoutLine: {'line': b"[INFO] [number_publisher-1]: sending signal 'SIGINT' to process[number_publisher-1]\n"}
[5.507152] (my_testing) StdoutLine: {'line': b'[number_processor-2] Traceback (most recent call last):\n'}
[5.507219] (my_testing) StdoutLine: {'line': b'[number_processor-2]   File "/home/phr/vscode_project/ros2_launch_testing_ws/install/my_algorithms/lib/my_algorithms/number_processor", line 33, in <module>\n'}
[5.507287] (my_testing) StdoutLine: {'line': b"[number_processor-2]     sys.exit(load_entry_point('my-algorithms==0.0.0', 'console_scripts', 'number_processor')())\n"}
[5.507356] (my_testing) StdoutLine: {'line': b'[number_processor-2]   File "/home/phr/vscode_project/ros2_launch_testing_ws/install/my_algorithms/lib/python3.10/site-packages/my_algorithms/number_processor_node.py", line 32, in main\n'}
[5.507425] (my_testing) StdoutLine: {'line': b'[number_processor-2]     rclpy.spin(node)\n'}
[5.507492] (my_testing) StdoutLine: {'line': b'[number_processor-2]   File "/opt/ros/humble/local/lib/python3.10/dist-packages/rclpy/__init__.py", line 229, in spin\n'}
[5.507560] (my_testing) StdoutLine: {'line': b'[number_processor-2]     executor.spin_once()\n'}
[5.507629] (my_testing) StdoutLine: {'line': b'[number_processor-2]   File "/opt/ros/humble/local/lib/python3.10/dist-packages/rclpy/executors.py", line 751, in spin_once\n'}
[5.507697] (my_testing) StdoutLine: {'line': b'[number_processor-2]     self._spin_once_impl(timeout_sec)\n'}
[5.507764] (my_testing) StdoutLine: {'line': b'[number_processor-2]   File "/opt/ros/humble/local/lib/python3.10/dist-packages/rclpy/executors.py", line 740, in _spin_once_impl\n'}
[5.507831] (my_testing) StdoutLine: {'line': b'[number_processor-2]     handler, entity, node = self.wait_for_ready_callbacks(timeout_sec=timeout_sec)\n'}
[5.507923] (my_testing) StdoutLine: {'line': b'[number_processor-2]   File "/opt/ros/humble/local/lib/python3.10/dist-packages/rclpy/executors.py", line 723, in wait_for_ready_callbacks\n'}
[5.508001] (my_testing) StdoutLine: {'line': b'[number_processor-2]     return next(self._cb_iter)\n'}
[5.508067] (my_testing) StdoutLine: {'line': b'[number_processor-2]   File "/opt/ros/humble/local/lib/python3.10/dist-packages/rclpy/executors.py", line 620, in _wait_for_ready_callbacks\n'}
[5.508135] (my_testing) StdoutLine: {'line': b'[number_processor-2]     wait_set.wait(timeout_nsec)\n'}
[5.508202] (my_testing) StdoutLine: {'line': b'[number_processor-2] KeyboardInterrupt\n'}
[5.508269] (my_testing) StdoutLine: {'line': b'[number_publisher-1] Traceback (most recent call last):\n'}
[5.508340] (my_testing) StdoutLine: {'line': b'[number_publisher-1]   File "/home/phr/vscode_project/ros2_launch_testing_ws/install/my_algorithms/lib/my_algorithms/number_publisher", line 33, in <module>\n'}
[5.508408] (my_testing) StdoutLine: {'line': b"[number_publisher-1]     sys.exit(load_entry_point('my-algorithms==0.0.0', 'console_scripts', 'number_publisher')())\n"}
[5.508476] (my_testing) StdoutLine: {'line': b'[number_publisher-1]   File "/home/phr/vscode_project/ros2_launch_testing_ws/install/my_algorithms/lib/python3.10/site-packages/my_algorithms/number_publisher_node.py", line 25, in main\n'}
[5.508548] (my_testing) StdoutLine: {'line': b'[number_publisher-1]     rclpy.spin(node)\n'}
[5.508617] (my_testing) StdoutLine: {'line': b'[number_publisher-1]   File "/opt/ros/humble/local/lib/python3.10/dist-packages/rclpy/__init__.py", line 229, in spin\n'}
[5.508685] (my_testing) StdoutLine: {'line': b'[number_publisher-1]     executor.spin_once()\n'}
[5.508752] (my_testing) StdoutLine: {'line': b'[number_publisher-1]   File "/opt/ros/humble/local/lib/python3.10/dist-packages/rclpy/executors.py", line 751, in spin_once\n'}
[5.508819] (my_testing) StdoutLine: {'line': b'[number_publisher-1]     self._spin_once_impl(timeout_sec)\n'}
[5.508890] (my_testing) StdoutLine: {'line': b'[number_publisher-1]   File "/opt/ros/humble/local/lib/python3.10/dist-packages/rclpy/executors.py", line 740, in _spin_once_impl\n'}
[5.508978] (my_testing) StdoutLine: {'line': b'[number_publisher-1]     handler, entity, node = self.wait_for_ready_callbacks(timeout_sec=timeout_sec)\n'}
[5.509048] (my_testing) StdoutLine: {'line': b'[number_publisher-1]   File "/opt/ros/humble/local/lib/python3.10/dist-packages/rclpy/executors.py", line 723, in wait_for_ready_callbacks\n'}
[5.509130] (my_testing) StdoutLine: {'line': b'[number_publisher-1]     return next(self._cb_iter)\n'}
[5.509196] (my_testing) StdoutLine: {'line': b'[number_publisher-1]   File "/opt/ros/humble/local/lib/python3.10/dist-packages/rclpy/executors.py", line 620, in _wait_for_ready_callbacks\n'}
[5.509263] (my_testing) StdoutLine: {'line': b'[number_publisher-1]     wait_set.wait(timeout_nsec)\n'}
[5.509332] (my_testing) StdoutLine: {'line': b'[number_publisher-1] KeyboardInterrupt\n'}
[5.509397] (my_testing) StdoutLine: {'line': b"[ERROR] [number_processor-2]: process has died [pid 54597, exit code -2, cmd '/home/phr/vscode_project/ros2_launch_testing_ws/install/my_algorithms/lib/my_algorithms/number_processor --ros-args -r __node:=number_processor'].\n"}
[5.509466] (my_testing) StdoutLine: {'line': b"[ERROR] [number_publisher-1]: process has died [pid 54595, exit code -2, cmd '/home/phr/vscode_project/ros2_launch_testing_ws/install/my_algorithms/lib/my_algorithms/number_publisher --ros-args -r __node:=number_publisher'].\n"}
[5.509532] (my_testing) StdoutLine: {'line': b'----------------------------- Captured stderr call -----------------------------\n'}
[5.509598] (my_testing) StdoutLine: {'line': b'test_communication_and_logic (test_integration.TestIntegration) ... [INFO] [1754405064.984526813] [test_subscriber_node]: \xe6\xb5\x8b\xe8\xaf\x95\xe8\x8a\x82\xe7\x82\xb9test_subscriber_node\xe5\xb7\xb2\xe5\x88\x9b\xe5\xbb\xba\n'}
[5.509666] (my_testing) StdoutLine: {'line': b'[INFO] [1754405068.052887461] [test_subscriber_node]: \xe6\xa3\x80\xe6\x9f\xa5\xe6\x8e\xa5\xe6\x94\xb6\xe5\x88\xb0\xe7\x9a\x84\xe6\xb6\x88\xe6\x81\xaf\xe3\x80\x82 Got: [3, 6, 9]\n'}
[5.509739] (my_testing) StdoutLine: {'line': b'[INFO] [1754405068.057344654] [test_subscriber_node]: \xe6\xb5\x8b\xe8\xaf\x95\xe7\xbb\x93\xe6\x9d\x9f\xef\xbc\x8c\xe9\x94\x80\xe6\xaf\x81\xe6\xb5\x8b\xe8\xaf\x95\xe8\x8a\x82\xe7\x82\xb9\n'}
[5.509805] (my_testing) StdoutLine: {'line': b'FAIL\n'}
[5.509871] (my_testing) StdoutLine: {'line': b'test_processor_starts_ok (test_integration.TestIntegration) ... [INFO] [1754405068.065547837] [test_subscriber_node]: \xe6\xb5\x8b\xe8\xaf\x95\xe8\x8a\x82\xe7\x82\xb9test_subscriber_node\xe5\xb7\xb2\xe5\x88\x9b\xe5\xbb\xba\n'}
[5.509955] (my_testing) StdoutLine: {'line': b'[INFO] [1754405068.066056009] [test_subscriber_node]: \xe6\xad\xa3\xe5\x9c\xa8\xe6\xa3\x80\xe6\x9f\xa5 processor \xe8\x8a\x82\xe7\x82\xb9\xe7\x9a\x84\xe5\x90\xaf\xe5\x8a\xa8\xe6\x97\xa5\xe5\xbf\x97...\n'}
[5.510026] (my_testing) StdoutLine: {'line': b'[INFO] [1754405069.070237627] [test_subscriber_node]: \xe6\xb5\x8b\xe8\xaf\x95\xe7\xbb\x93\xe6\x9d\x9f\xef\xbc\x8c\xe9\x94\x80\xe6\xaf\x81\xe6\xb5\x8b\xe8\xaf\x95\xe8\x8a\x82\xe7\x82\xb9\n'}
[5.510093] (my_testing) StdoutLine: {'line': b'FAIL\n'}
[5.510159] (my_testing) StdoutLine: {'line': b'test_publisher_starts_ok (test_integration.TestIntegration) ... [INFO] [1754405069.077831715] [test_subscriber_node]: \xe6\xb5\x8b\xe8\xaf\x95\xe8\x8a\x82\xe7\x82\xb9test_subscriber_node\xe5\xb7\xb2\xe5\x88\x9b\xe5\xbb\xba\n'}
[5.510226] (my_testing) StdoutLine: {'line': b'[INFO] [1754405069.078333951] [test_subscriber_node]: \xe6\xad\xa3\xe5\x9c\xa8\xe6\xa3\x80\xe6\x9f\xa5 publisher \xe8\x8a\x82\xe7\x82\xb9\xe7\x9a\x84\xe5\x90\xaf\xe5\x8a\xa8\xe6\x97\xa5\xe5\xbf\x97...\n'}
[5.510293] (my_testing) StdoutLine: {'line': b'[INFO] [1754405070.082147507] [test_subscriber_node]: \xe6\xb5\x8b\xe8\xaf\x95\xe7\xbb\x93\xe6\x9d\x9f\xef\xbc\x8c\xe9\x94\x80\xe6\xaf\x81\xe6\xb5\x8b\xe8\xaf\x95\xe8\x8a\x82\xe7\x82\xb9\n'}
[5.510359] (my_testing) StdoutLine: {'line': b'FAIL\n'}
[5.510425] (my_testing) StdoutLine: {'line': b'\n'}
[5.510492] (my_testing) StdoutLine: {'line': b'======================================================================\n'}
[5.510556] (my_testing) StdoutLine: {'line': b'FAIL: test_communication_and_logic (test_integration.TestIntegration)\n'}
[5.510623] (my_testing) StdoutLine: {'line': b'----------------------------------------------------------------------\n'}
[5.510689] (my_testing) StdoutLine: {'line': b'Traceback (most recent call last):\n'}
[5.510755] (my_testing) StdoutLine: {'line': b'  File "/home/phr/vscode_project/ros2_launch_testing_ws/src/my_testing/test/test_integration.py", line 84, in test_communication_and_logic\n'}
[5.510821] (my_testing) StdoutLine: {'line': b'    self.assertEqual(sorted(self.received_messages), sorted(expected_results))\n'}
[5.510888] (my_testing) StdoutLine: {'line': b'AssertionError: Lists differ: [3, 6, 9] != [2, 4, 6]\n'}
[5.510971] (my_testing) StdoutLine: {'line': b'\n'}
[5.511039] (my_testing) StdoutLine: {'line': b'First differing element 0:\n'}
[5.511105] (my_testing) StdoutLine: {'line': b'3\n'}
[5.511172] (my_testing) StdoutLine: {'line': b'2\n'}
[5.511237] (my_testing) StdoutLine: {'line': b'\n'}
[5.511301] (my_testing) StdoutLine: {'line': b'- [3, 6, 9]\n'}
[5.511367] (my_testing) StdoutLine: {'line': b'+ [2, 4, 6]\n'}
[5.511438] (my_testing) StdoutLine: {'line': b'\n'}
[5.511503] (my_testing) StdoutLine: {'line': b'======================================================================\n'}
[5.511569] (my_testing) StdoutLine: {'line': b'FAIL: test_processor_starts_ok (test_integration.TestIntegration)\n'}
[5.511635] (my_testing) StdoutLine: {'line': b'----------------------------------------------------------------------\n'}
[5.511700] (my_testing) StdoutLine: {'line': b'Traceback (most recent call last):\n'}
[5.511766] (my_testing) StdoutLine: {'line': b'  File "/home/phr/vscode_project/ros2_launch_testing_ws/src/my_testing/test/test_integration.py", line 65, in test_processor_starts_ok\n'}
[5.511837] (my_testing) StdoutLine: {'line': b"    proc_output.assertWaitFor('\xe6\x95\xb0\xe5\xad\x97\xe5\xa4\x84\xe7\x90\x86\xe8\x8a\x82\xe7\x82\xb9\xe5\xb7\xb2\xe5\x90\xaf\xe5\x8a\xa8\xef\xbc\x8c\xe7\xad\x89\xe5\xbe\x85\xe6\x8e\xa5\xe6\x94\xb6\xe6\x95\xb0\xe5\xad\x97...',process='number_processor',stream='stdout',timeout=1)\n"}
[5.511919] (my_testing) StdoutLine: {'line': b'  File "/opt/ros/humble/lib/python3.10/site-packages/launch_testing/io_handler.py", line 146, in assertWaitFor\n'}
[5.511995] (my_testing) StdoutLine: {'line': b"    assert success, 'Waiting for output timed out'\n"}
[5.512060] (my_testing) StdoutLine: {'line': b'AssertionError: Waiting for output timed out\n'}
[5.512125] (my_testing) StdoutLine: {'line': b'\n'}
[5.512190] (my_testing) StdoutLine: {'line': b'======================================================================\n'}
[5.512254] (my_testing) StdoutLine: {'line': b'FAIL: test_publisher_starts_ok (test_integration.TestIntegration)\n'}
[5.512319] (my_testing) StdoutLine: {'line': b'----------------------------------------------------------------------\n'}
[5.512391] (my_testing) StdoutLine: {'line': b'Traceback (most recent call last):\n'}
[5.512467] (my_testing) StdoutLine: {'line': b'  File "/home/phr/vscode_project/ros2_launch_testing_ws/src/my_testing/test/test_integration.py", line 59, in test_publisher_starts_ok\n'}
[5.512543] (my_testing) StdoutLine: {'line': b"    proc_output.assertWaitFor('\xe6\x95\xb0\xe5\xad\x97\xe5\x8f\x91\xe5\xb8\x83\xe8\x8a\x82\xe7\x82\xb9\xe5\xb7\xb2\xe5\x90\xaf\xe5\x8a\xa8\xef\xbc\x8c\xe5\xb0\x86\xe4\xbb\x8e1\xe5\xbc\x80\xe5\xa7\x8b\xe5\x8f\x91\xe5\xb8\x83...',process='number_publisher',stream='stdout',timeout=1)\n"}
[5.512621] (my_testing) StdoutLine: {'line': b'  File "/opt/ros/humble/lib/python3.10/site-packages/launch_testing/io_handler.py", line 146, in assertWaitFor\n'}
[5.512693] (my_testing) StdoutLine: {'line': b"    assert success, 'Waiting for output timed out'\n"}
[5.512768] (my_testing) StdoutLine: {'line': b'AssertionError: Waiting for output timed out\n'}
[5.512839] (my_testing) StdoutLine: {'line': b'\n'}
[5.512923] (my_testing) StdoutLine: {'line': b'----------------------------------------------------------------------\n'}
[5.513004] (my_testing) StdoutLine: {'line': b'Ran 3 tests in 5.131s\n'}
[5.513073] (my_testing) StdoutLine: {'line': b'\n'}
[5.513142] (my_testing) StdoutLine: {'line': b'FAILED (failures=3)\n'}
[5.513215] (my_testing) StdoutLine: {'line': b'\n'}
[5.513284] (my_testing) StdoutLine: {'line': b'----------------------------------------------------------------------\n'}
[5.513388] (my_testing) StdoutLine: {'line': b'Ran 0 tests in 0.000s\n'}
[5.513482] (-) TimerEvent: {}
[5.513587] (my_testing) StdoutLine: {'line': b'\n'}
[5.513682] (my_testing) StdoutLine: {'line': b'OK\n'}
[5.513754] (my_testing) StdoutLine: {'line': b'- generated xml file: /home/phr/vscode_project/ros2_launch_testing_ws/build/my_testing/pytest.xml -\n'}
[5.513824] (my_testing) StdoutLine: {'line': b'=========================== short test summary info ============================\n'}
[5.513893] (my_testing) StdoutLine: {'line': b'FAILED test/test_integration.py::test_integration - test_integration.TestInte...\n'}
[5.513991] (my_testing) StdoutLine: {'line': b'\x1b[31m============================== \x1b[31m\x1b[1m1 failed\x1b[0m\x1b[31m in 5.24s\x1b[0m\x1b[31m ===============================\x1b[0m\n'}
[5.613615] (-) TimerEvent: {}
[5.666866] (my_testing) CommandEnded: {'returncode': 1}
[5.667532] (my_testing) TestFailure: {'identifier': 'my_testing'}
[5.667577] (my_testing) JobEnded: {'identifier': 'my_testing', 'rc': 0}
[5.668134] (-) EventReactorShutdown: {}
