[0.148s] Invoking command in '/home/phr/vscode_project/ros2_launch_testing_ws/src/my_testing': AMENT_PREFIX_PATH=/home/phr/vscode_project/ros2_launch_testing_ws/install/my_testing:/home/phr/vscode_project/ros2_launch_testing_ws/install/my_algorithms:/home/phr/vscode_project/ros2_launch_testing_ws/install/my_interfaces:${AMENT_PREFIX_PATH} CMAKE_PREFIX_PATH=/home/phr/vscode_project/ros2_launch_testing_ws/install/my_interfaces LD_LIBRARY_PATH=/home/phr/vscode_project/ros2_launch_testing_ws/install/my_interfaces/lib:${LD_LIBRARY_PATH} PYTEST_ADDOPTS=--tb=short --junit-xml=/home/phr/vscode_project/ros2_launch_testing_ws/build/my_testing/pytest.xml --junit-prefix=my_testing -o cache_dir=/home/phr/vscode_project/ros2_launch_testing_ws/build/my_testing/.pytest_cache -s PYTHONDONTWRITEBYTECODE=1 PYTHONPATH=/home/phr/vscode_project/ros2_launch_testing_ws/install/my_testing/lib/python3.10/site-packages:/home/phr/vscode_project/ros2_launch_testing_ws/install/my_algorithms/lib/python3.10/site-packages:/home/phr/vscode_project/ros2_launch_testing_ws/install/my_interfaces/local/lib/python3.10/dist-packages:${PYTHONPATH} /usr/bin/python3 -m pytest
[0.282s] [1m============================= test session starts ==============================[0m
[0.282s] platform linux -- Python 3.10.12, pytest-6.2.5, py-1.10.0, pluggy-0.13.0
[0.284s] cachedir: /home/phr/vscode_project/ros2_launch_testing_ws/build/my_testing/.pytest_cache
[0.284s] rootdir: /home/phr/vscode_project/ros2_launch_testing_ws/src/my_testing
[0.284s] plugins: launch-testing-1.0.10, ament-lint-0.12.14, ament-copyright-0.12.14, ament-xmllint-0.12.14, launch-testing-ros-0.19.10, ament-pep257-0.12.14, ament-flake8-0.12.14, colcon-core-0.19.0, cov-3.0.0
[0.348s] [1mcollecting ... [0m[1m
[0.348s] collected 1 item                                                               [0m
[0.348s] 
[0.356s] test/test_integration.py [INFO] [launch]: All log files can be found below /home/phr/.ros/log/2025-08-05-23-04-05-337841-PHR-58085
[0.356s] [INFO] [launch]: Default logging verbosity is set to INFO
[0.366s] [INFO] [number_publisher-1]: process started with pid [58102]
[0.366s] [INFO] [number_processor-2]: process started with pid [58104]
[0.394s] test_communication_and_logic (test_integration.TestIntegration) ... [0m[INFO] [1754406245.383844209] [test_subscriber_node]: æµ‹è¯•èŠ‚ç‚¹test_subscriber_nodeå·²åˆ›å»º[0m
[0.474s] [number_publisher-1] [INFO] [1754406245.463628011] [number_publisher]: æ•°å­—å‘å¸ƒèŠ‚ç‚¹å·²å¯åŠ¨ï¼Œå°†ä»1å¼€å§‹å‘å¸ƒ...
[0.474s] [number_processor-2] [INFO] [1754406245.463803733] [number_processor]: æ•°å­—å¤„ç†èŠ‚ç‚¹å·²å¯åŠ¨ï¼Œç­‰å¾…æ¥æ”¶æ•°å­—...
[1.470s] [number_publisher-1] [INFO] [1754406246.458815090] [number_publisher]: å‘å¸ƒ: 1
[1.470s] [number_processor-2] [INFO] [1754406246.459108356] [number_processor]: æ”¶åˆ°: 1
[1.471s] [number_processor-2] [INFO] [1754406246.459747130] [number_processor]: å‘å¸ƒå¤„ç†åç»“æœ: 2
[2.470s] [number_publisher-1] [INFO] [1754406247.458806046] [number_publisher]: å‘å¸ƒ: 2
[2.471s] [number_processor-2] [INFO] [1754406247.459117122] [number_processor]: æ”¶åˆ°: 2
[2.471s] [number_processor-2] [INFO] [1754406247.459846131] [number_processor]: å‘å¸ƒå¤„ç†åç»“æœ: 4
[3.470s] [number_publisher-1] [INFO] [1754406248.458804137] [number_publisher]: å‘å¸ƒ: 3
[3.470s] [number_processor-2] [INFO] [1754406248.459176953] [number_processor]: æ”¶åˆ°: 3
[3.471s] [number_processor-2] [INFO] [1754406248.459816915] [number_processor]: å‘å¸ƒå¤„ç†åç»“æœ: 6
[3.471s] [0m[INFO] [1754406248.460855813] [test_subscriber_node]: æ£€æŸ¥æ¥æ”¶åˆ°çš„æ¶ˆæ¯ã€‚ Got: [2, 4, 6][0m
[3.476s] [0m[INFO] [1754406248.465178816] [test_subscriber_node]: æµ‹è¯•ç»“æŸï¼Œé”€æ¯æµ‹è¯•èŠ‚ç‚¹[0m
[3.476s] ok
[3.484s] test_processor_starts_ok (test_integration.TestIntegration) ... [0m[INFO] [1754406248.473277471] [test_subscriber_node]: æµ‹è¯•èŠ‚ç‚¹test_subscriber_nodeå·²åˆ›å»º[0m
[3.484s] [0m[INFO] [1754406248.474087218] [test_subscriber_node]: æ­£åœ¨æ£€æŸ¥ processor èŠ‚ç‚¹çš„å¯åŠ¨æ—¥å¿—...[0m
[3.485s] [0m[INFO] [1754406248.474682061] [test_subscriber_node]: Processor èŠ‚ç‚¹å¯åŠ¨æ­£å¸¸ã€‚[0m
[3.489s] [0m[INFO] [1754406248.478625124] [test_subscriber_node]: æµ‹è¯•ç»“æŸï¼Œé”€æ¯æµ‹è¯•èŠ‚ç‚¹[0m
[3.489s] ok
[3.497s] test_publisher_starts_ok (test_integration.TestIntegration) ... [0m[INFO] [1754406248.486610985] [test_subscriber_node]: æµ‹è¯•èŠ‚ç‚¹test_subscriber_nodeå·²åˆ›å»º[0m
[3.497s] [0m[INFO] [1754406248.487103719] [test_subscriber_node]: æ­£åœ¨æ£€æŸ¥ publisher èŠ‚ç‚¹çš„å¯åŠ¨æ—¥å¿—...[0m
[3.498s] [0m[INFO] [1754406248.487661756] [test_subscriber_node]: Publisher èŠ‚ç‚¹å¯åŠ¨æ­£å¸¸ã€‚[0m
[3.502s] [0m[INFO] [1754406248.491596508] [test_subscriber_node]: æµ‹è¯•ç»“æŸï¼Œé”€æ¯æµ‹è¯•èŠ‚ç‚¹[0m
[3.502s] ok
[3.502s] 
[3.503s] ----------------------------------------------------------------------
[3.503s] Ran 3 tests in 3.146s
[3.503s] 
[3.503s] OK
[3.504s] [INFO] [number_processor-2]: sending signal 'SIGINT' to process[number_processor-2]
[3.505s] [INFO] [number_publisher-1]: sending signal 'SIGINT' to process[number_publisher-1]
[3.505s] [number_processor-2] Traceback (most recent call last):
[3.505s] [number_processor-2]   File "/home/phr/vscode_project/ros2_launch_testing_ws/install/my_algorithms/lib/my_algorithms/number_processor", line 33, in <module>
[3.505s] [number_processor-2]     sys.exit(load_entry_point('my-algorithms==0.0.0', 'console_scripts', 'number_processor')())
[3.505s] [number_processor-2]   File "/home/phr/vscode_project/ros2_launch_testing_ws/install/my_algorithms/lib/python3.10/site-packages/my_algorithms/number_processor_node.py", line 32, in main
[3.505s] [number_processor-2]     rclpy.spin(node)
[3.506s] [number_processor-2]   File "/opt/ros/humble/local/lib/python3.10/dist-packages/rclpy/__init__.py", line 229, in spin
[3.506s] [number_processor-2]     executor.spin_once()
[3.506s] [number_processor-2]   File "/opt/ros/humble/local/lib/python3.10/dist-packages/rclpy/executors.py", line 751, in spin_once
[3.506s] [number_processor-2]     self._spin_once_impl(timeout_sec)
[3.506s] [number_processor-2]   File "/opt/ros/humble/local/lib/python3.10/dist-packages/rclpy/executors.py", line 740, in _spin_once_impl
[3.506s] [number_processor-2]     handler, entity, node = self.wait_for_ready_callbacks(timeout_sec=timeout_sec)
[3.506s] [number_processor-2]   File "/opt/ros/humble/local/lib/python3.10/dist-packages/rclpy/executors.py", line 723, in wait_for_ready_callbacks
[3.507s] [number_processor-2]     return next(self._cb_iter)
[3.507s] [number_processor-2]   File "/opt/ros/humble/local/lib/python3.10/dist-packages/rclpy/executors.py", line 620, in _wait_for_ready_callbacks
[3.507s] [number_processor-2]     wait_set.wait(timeout_nsec)
[3.507s] [number_processor-2] KeyboardInterrupt
[3.507s] [number_publisher-1] Traceback (most recent call last):
[3.507s] [number_publisher-1]   File "/home/phr/vscode_project/ros2_launch_testing_ws/install/my_algorithms/lib/my_algorithms/number_publisher", line 33, in <module>
[3.508s] [number_publisher-1]     sys.exit(load_entry_point('my-algorithms==0.0.0', 'console_scripts', 'number_publisher')())
[3.508s] [number_publisher-1]   File "/home/phr/vscode_project/ros2_launch_testing_ws/install/my_algorithms/lib/python3.10/site-packages/my_algorithms/number_publisher_node.py", line 25, in main
[3.508s] [number_publisher-1]     rclpy.spin(node)
[3.508s] [number_publisher-1]   File "/opt/ros/humble/local/lib/python3.10/dist-packages/rclpy/__init__.py", line 229, in spin
[3.508s] [number_publisher-1]     executor.spin_once()
[3.508s] [number_publisher-1]   File "/opt/ros/humble/local/lib/python3.10/dist-packages/rclpy/executors.py", line 751, in spin_once
[3.508s] [number_publisher-1]     self._spin_once_impl(timeout_sec)
[3.508s] [number_publisher-1]   File "/opt/ros/humble/local/lib/python3.10/dist-packages/rclpy/executors.py", line 740, in _spin_once_impl
[3.509s] [number_publisher-1]     handler, entity, node = self.wait_for_ready_callbacks(timeout_sec=timeout_sec)
[3.509s] [number_publisher-1]   File "/opt/ros/humble/local/lib/python3.10/dist-packages/rclpy/executors.py", line 723, in wait_for_ready_callbacks
[3.509s] [number_publisher-1]     return next(self._cb_iter)
[3.509s] [number_publisher-1]   File "/opt/ros/humble/local/lib/python3.10/dist-packages/rclpy/executors.py", line 620, in _wait_for_ready_callbacks
[3.509s] [number_publisher-1]     wait_set.wait(timeout_nsec)
[3.509s] [number_publisher-1] KeyboardInterrupt
[3.533s] [ERROR] [number_processor-2]: process has died [pid 58104, exit code -2, cmd '/home/phr/vscode_project/ros2_launch_testing_ws/install/my_algorithms/lib/my_algorithms/number_processor --ros-args -r __node:=number_processor'].
[3.534s] [ERROR] [number_publisher-1]: process has died [pid 58102, exit code -2, cmd '/home/phr/vscode_project/ros2_launch_testing_ws/install/my_algorithms/lib/my_algorithms/number_publisher --ros-args -r __node:=number_publisher'].
[3.534s] 
[3.534s] ----------------------------------------------------------------------
[3.535s] Ran 0 tests in 0.000s
[3.535s] 
[3.535s] OK
[3.543s] [32m.[0m
[3.543s] 
[3.543s] - generated xml file: /home/phr/vscode_project/ros2_launch_testing_ws/build/my_testing/pytest.xml -
[3.544s] [32m============================== [32m[1m1 passed[0m[32m in 3.26s[0m[32m ===============================[0m
[3.710s] Invoked command in '/home/phr/vscode_project/ros2_launch_testing_ws/src/my_testing' returned '0': AMENT_PREFIX_PATH=/home/phr/vscode_project/ros2_launch_testing_ws/install/my_testing:/home/phr/vscode_project/ros2_launch_testing_ws/install/my_algorithms:/home/phr/vscode_project/ros2_launch_testing_ws/install/my_interfaces:${AMENT_PREFIX_PATH} CMAKE_PREFIX_PATH=/home/phr/vscode_project/ros2_launch_testing_ws/install/my_interfaces LD_LIBRARY_PATH=/home/phr/vscode_project/ros2_launch_testing_ws/install/my_interfaces/lib:${LD_LIBRARY_PATH} PYTEST_ADDOPTS=--tb=short --junit-xml=/home/phr/vscode_project/ros2_launch_testing_ws/build/my_testing/pytest.xml --junit-prefix=my_testing -o cache_dir=/home/phr/vscode_project/ros2_launch_testing_ws/build/my_testing/.pytest_cache -s PYTHONDONTWRITEBYTECODE=1 PYTHONPATH=/home/phr/vscode_project/ros2_launch_testing_ws/install/my_testing/lib/python3.10/site-packages:/home/phr/vscode_project/ros2_launch_testing_ws/install/my_algorithms/lib/python3.10/site-packages:/home/phr/vscode_project/ros2_launch_testing_ws/install/my_interfaces/local/lib/python3.10/dist-packages:${PYTHONPATH} /usr/bin/python3 -m pytest
