[1m============================= test session starts ==============================[0m
platform linux -- Python 3.10.12, pytest-6.2.5, py-1.10.0, pluggy-0.13.0
cachedir: /home/phr/vscode_project/ros2_launch_testing_ws/build/my_testing/.pytest_cache
rootdir: /home/phr/vscode_project/ros2_launch_testing_ws/src/my_testing
plugins: launch-testing-1.0.10, ament-lint-0.12.14, ament-copyright-0.12.14, ament-xmllint-0.12.14, launch-testing-ros-0.19.10, ament-pep257-0.12.14, ament-flake8-0.12.14, colcon-core-0.19.0, cov-3.0.0
[1mcollecting ... [0m[1m
collected 1 item                                                               [0m

test/test_integration.py [31mF[0m[31m                                               [100%][0m

=================================== FAILURES ===================================
[31m[1m________________________ launch tests: test_integration ________________________[0m

==========================================================================================================================================
FAIL: test_integration.TestIntegration.test_communication_and_logic
------------------------------------------------------------------------------------------------------------------------------------------
Traceback (most recent call last):
  File "/home/phr/vscode_project/ros2_launch_testing_ws/src/my_testing/test/test_integration.py", line 84, in test_communication_and_logic
    self.assertEqual(sorted(self.received_messages), sorted(expected_results))
AssertionError: Lists differ: [3, 6, 9] != [2, 4, 6]

First differing element 0:
3
2

- [3, 6, 9]
+ [2, 4, 6]


==========================================================================================================================================
FAIL: test_integration.TestIntegration.test_processor_starts_ok
------------------------------------------------------------------------------------------------------------------------------------------
Traceback (most recent call last):
  File "/home/phr/vscode_project/ros2_launch_testing_ws/src/my_testing/test/test_integration.py", line 65, in test_processor_starts_ok
    proc_output.assertWaitFor('æ•°å­—å¤„ç†èŠ‚ç‚¹å·²å¯åŠ¨ï¼Œç­‰å¾…æ¥æ”¶æ•°å­—...',process='number_processor',stream='stdout',timeout=1)
  File "/opt/ros/humble/lib/python3.10/site-packages/launch_testing/io_handler.py", line 146, in assertWaitFor
    assert success, 'Waiting for output timed out'
AssertionError: Waiting for output timed out


==========================================================================================================================================
FAIL: test_integration.TestIntegration.test_publisher_starts_ok
------------------------------------------------------------------------------------------------------------------------------------------
Traceback (most recent call last):
  File "/home/phr/vscode_project/ros2_launch_testing_ws/src/my_testing/test/test_integration.py", line 59, in test_publisher_starts_ok
    proc_output.assertWaitFor('æ•°å­—å‘å¸ƒèŠ‚ç‚¹å·²å¯åŠ¨ï¼Œå°†ä»1å¼€å§‹å‘å¸ƒ...',process='number_publisher',stream='stdout',timeout=1)
  File "/opt/ros/humble/lib/python3.10/site-packages/launch_testing/io_handler.py", line 146, in assertWaitFor
    assert success, 'Waiting for output timed out'
AssertionError: Waiting for output timed out
----------------------------- Captured stdout call -----------------------------
[INFO] [launch]: All log files can be found below /home/phr/.ros/log/2025-08-05-22-44-24-942848-PHR-54581
[INFO] [launch]: Default logging verbosity is set to INFO
[INFO] [number_publisher-1]: process started with pid [54595]
[INFO] [number_processor-2]: process started with pid [54597]
[number_publisher-1] [INFO] [1754405065.055783722] [number_publisher]: æ•°å­—å‘å¸ƒèŠ‚ç‚¹å·²å¯åŠ¨ï¼Œå°†ä»1å¼€å§‹å‘å¸ƒ...
[number_processor-2] [INFO] [1754405065.056162476] [number_processor]: æ•°å­—å¤„ç†èŠ‚ç‚¹å·²å¯åŠ¨ï¼Œç­‰å¾…æ¥æ”¶æ•°å­—...
[number_publisher-1] [INFO] [1754405066.050963072] [number_publisher]: å‘å¸ƒ: 1
[number_processor-2] [INFO] [1754405066.051263464] [number_processor]: æ”¶åˆ°: 1
[number_processor-2] [INFO] [1754405066.051815567] [number_processor]: å‘å¸ƒå¤„ç†åç»“æœ: 3
[number_publisher-1] [INFO] [1754405067.051053178] [number_publisher]: å‘å¸ƒ: 2
[number_processor-2] [INFO] [1754405067.051298953] [number_processor]: æ”¶åˆ°: 2
[number_processor-2] [INFO] [1754405067.051890238] [number_processor]: å‘å¸ƒå¤„ç†åç»“æœ: 6
[number_publisher-1] [INFO] [1754405068.050973504] [number_publisher]: å‘å¸ƒ: 3
[number_processor-2] [INFO] [1754405068.051232339] [number_processor]: æ”¶åˆ°: 3
[number_processor-2] [INFO] [1754405068.051894863] [number_processor]: å‘å¸ƒå¤„ç†åç»“æœ: 9
[number_publisher-1] [INFO] [1754405069.050994758] [number_publisher]: å‘å¸ƒ: 4
[number_processor-2] [INFO] [1754405069.051236971] [number_processor]: æ”¶åˆ°: 4
[number_processor-2] [INFO] [1754405069.051846066] [number_processor]: å‘å¸ƒå¤„ç†åç»“æœ: 12
[number_publisher-1] [INFO] [1754405070.050972089] [number_publisher]: å‘å¸ƒ: 5
[number_processor-2] [INFO] [1754405070.051243985] [number_processor]: æ”¶åˆ°: 5
[number_processor-2] [INFO] [1754405070.051892260] [number_processor]: å‘å¸ƒå¤„ç†åç»“æœ: 15
[INFO] [number_processor-2]: sending signal 'SIGINT' to process[number_processor-2]
[INFO] [number_publisher-1]: sending signal 'SIGINT' to process[number_publisher-1]
[number_processor-2] Traceback (most recent call last):
[number_processor-2]   File "/home/phr/vscode_project/ros2_launch_testing_ws/install/my_algorithms/lib/my_algorithms/number_processor", line 33, in <module>
[number_processor-2]     sys.exit(load_entry_point('my-algorithms==0.0.0', 'console_scripts', 'number_processor')())
[number_processor-2]   File "/home/phr/vscode_project/ros2_launch_testing_ws/install/my_algorithms/lib/python3.10/site-packages/my_algorithms/number_processor_node.py", line 32, in main
[number_processor-2]     rclpy.spin(node)
[number_processor-2]   File "/opt/ros/humble/local/lib/python3.10/dist-packages/rclpy/__init__.py", line 229, in spin
[number_processor-2]     executor.spin_once()
[number_processor-2]   File "/opt/ros/humble/local/lib/python3.10/dist-packages/rclpy/executors.py", line 751, in spin_once
[number_processor-2]     self._spin_once_impl(timeout_sec)
[number_processor-2]   File "/opt/ros/humble/local/lib/python3.10/dist-packages/rclpy/executors.py", line 740, in _spin_once_impl
[number_processor-2]     handler, entity, node = self.wait_for_ready_callbacks(timeout_sec=timeout_sec)
[number_processor-2]   File "/opt/ros/humble/local/lib/python3.10/dist-packages/rclpy/executors.py", line 723, in wait_for_ready_callbacks
[number_processor-2]     return next(self._cb_iter)
[number_processor-2]   File "/opt/ros/humble/local/lib/python3.10/dist-packages/rclpy/executors.py", line 620, in _wait_for_ready_callbacks
[number_processor-2]     wait_set.wait(timeout_nsec)
[number_processor-2] KeyboardInterrupt
[number_publisher-1] Traceback (most recent call last):
[number_publisher-1]   File "/home/phr/vscode_project/ros2_launch_testing_ws/install/my_algorithms/lib/my_algorithms/number_publisher", line 33, in <module>
[number_publisher-1]     sys.exit(load_entry_point('my-algorithms==0.0.0', 'console_scripts', 'number_publisher')())
[number_publisher-1]   File "/home/phr/vscode_project/ros2_launch_testing_ws/install/my_algorithms/lib/python3.10/site-packages/my_algorithms/number_publisher_node.py", line 25, in main
[number_publisher-1]     rclpy.spin(node)
[number_publisher-1]   File "/opt/ros/humble/local/lib/python3.10/dist-packages/rclpy/__init__.py", line 229, in spin
[number_publisher-1]     executor.spin_once()
[number_publisher-1]   File "/opt/ros/humble/local/lib/python3.10/dist-packages/rclpy/executors.py", line 751, in spin_once
[number_publisher-1]     self._spin_once_impl(timeout_sec)
[number_publisher-1]   File "/opt/ros/humble/local/lib/python3.10/dist-packages/rclpy/executors.py", line 740, in _spin_once_impl
[number_publisher-1]     handler, entity, node = self.wait_for_ready_callbacks(timeout_sec=timeout_sec)
[number_publisher-1]   File "/opt/ros/humble/local/lib/python3.10/dist-packages/rclpy/executors.py", line 723, in wait_for_ready_callbacks
[number_publisher-1]     return next(self._cb_iter)
[number_publisher-1]   File "/opt/ros/humble/local/lib/python3.10/dist-packages/rclpy/executors.py", line 620, in _wait_for_ready_callbacks
[number_publisher-1]     wait_set.wait(timeout_nsec)
[number_publisher-1] KeyboardInterrupt
[ERROR] [number_processor-2]: process has died [pid 54597, exit code -2, cmd '/home/phr/vscode_project/ros2_launch_testing_ws/install/my_algorithms/lib/my_algorithms/number_processor --ros-args -r __node:=number_processor'].
[ERROR] [number_publisher-1]: process has died [pid 54595, exit code -2, cmd '/home/phr/vscode_project/ros2_launch_testing_ws/install/my_algorithms/lib/my_algorithms/number_publisher --ros-args -r __node:=number_publisher'].
----------------------------- Captured stderr call -----------------------------
test_communication_and_logic (test_integration.TestIntegration) ... [INFO] [1754405064.984526813] [test_subscriber_node]: æµ‹è¯•èŠ‚ç‚¹test_subscriber_nodeå·²åˆ›å»º
[INFO] [1754405068.052887461] [test_subscriber_node]: æ£€æŸ¥æ¥æ”¶åˆ°çš„æ¶ˆæ¯ã€‚ Got: [3, 6, 9]
[INFO] [1754405068.057344654] [test_subscriber_node]: æµ‹è¯•ç»“æŸï¼Œé”€æ¯æµ‹è¯•èŠ‚ç‚¹
FAIL
test_processor_starts_ok (test_integration.TestIntegration) ... [INFO] [1754405068.065547837] [test_subscriber_node]: æµ‹è¯•èŠ‚ç‚¹test_subscriber_nodeå·²åˆ›å»º
[INFO] [1754405068.066056009] [test_subscriber_node]: æ­£åœ¨æ£€æŸ¥ processor èŠ‚ç‚¹çš„å¯åŠ¨æ—¥å¿—...
[INFO] [1754405069.070237627] [test_subscriber_node]: æµ‹è¯•ç»“æŸï¼Œé”€æ¯æµ‹è¯•èŠ‚ç‚¹
FAIL
test_publisher_starts_ok (test_integration.TestIntegration) ... [INFO] [1754405069.077831715] [test_subscriber_node]: æµ‹è¯•èŠ‚ç‚¹test_subscriber_nodeå·²åˆ›å»º
[INFO] [1754405069.078333951] [test_subscriber_node]: æ­£åœ¨æ£€æŸ¥ publisher èŠ‚ç‚¹çš„å¯åŠ¨æ—¥å¿—...
[INFO] [1754405070.082147507] [test_subscriber_node]: æµ‹è¯•ç»“æŸï¼Œé”€æ¯æµ‹è¯•èŠ‚ç‚¹
FAIL

======================================================================
FAIL: test_communication_and_logic (test_integration.TestIntegration)
----------------------------------------------------------------------
Traceback (most recent call last):
  File "/home/phr/vscode_project/ros2_launch_testing_ws/src/my_testing/test/test_integration.py", line 84, in test_communication_and_logic
    self.assertEqual(sorted(self.received_messages), sorted(expected_results))
AssertionError: Lists differ: [3, 6, 9] != [2, 4, 6]

First differing element 0:
3
2

- [3, 6, 9]
+ [2, 4, 6]

======================================================================
FAIL: test_processor_starts_ok (test_integration.TestIntegration)
----------------------------------------------------------------------
Traceback (most recent call last):
  File "/home/phr/vscode_project/ros2_launch_testing_ws/src/my_testing/test/test_integration.py", line 65, in test_processor_starts_ok
    proc_output.assertWaitFor('æ•°å­—å¤„ç†èŠ‚ç‚¹å·²å¯åŠ¨ï¼Œç­‰å¾…æ¥æ”¶æ•°å­—...',process='number_processor',stream='stdout',timeout=1)
  File "/opt/ros/humble/lib/python3.10/site-packages/launch_testing/io_handler.py", line 146, in assertWaitFor
    assert success, 'Waiting for output timed out'
AssertionError: Waiting for output timed out

======================================================================
FAIL: test_publisher_starts_ok (test_integration.TestIntegration)
----------------------------------------------------------------------
Traceback (most recent call last):
  File "/home/phr/vscode_project/ros2_launch_testing_ws/src/my_testing/test/test_integration.py", line 59, in test_publisher_starts_ok
    proc_output.assertWaitFor('æ•°å­—å‘å¸ƒèŠ‚ç‚¹å·²å¯åŠ¨ï¼Œå°†ä»1å¼€å§‹å‘å¸ƒ...',process='number_publisher',stream='stdout',timeout=1)
  File "/opt/ros/humble/lib/python3.10/site-packages/launch_testing/io_handler.py", line 146, in assertWaitFor
    assert success, 'Waiting for output timed out'
AssertionError: Waiting for output timed out

----------------------------------------------------------------------
Ran 3 tests in 5.131s

FAILED (failures=3)

----------------------------------------------------------------------
Ran 0 tests in 0.000s

OK
- generated xml file: /home/phr/vscode_project/ros2_launch_testing_ws/build/my_testing/pytest.xml -
=========================== short test summary info ============================
FAILED test/test_integration.py::test_integration - test_integration.TestInte...
[31m============================== [31m[1m1 failed[0m[31m in 5.24s[0m[31m ===============================[0m
